TN:
SF:src/config/constants.js
FNF:0
FNH:0
DA:1,9
DA:11,9
DA:26,9
DA:32,9
DA:41,9
DA:49,9
DA:55,9
LF:7
LH:7
BRF:0
BRH:0
end_of_record
TN:
SF:src/middleware/auth.js
FN:6,(anonymous_0)
FN:66,(anonymous_1)
FN:67,(anonymous_2)
FN:79,(anonymous_3)
FN:80,(anonymous_4)
FN:98,(anonymous_5)
FN:134,(anonymous_6)
FNF:7
FNH:4
FNDA:31,(anonymous_0)
FNDA:19,(anonymous_1)
FNDA:0,(anonymous_2)
FNDA:0,(anonymous_3)
FNDA:0,(anonymous_4)
FNDA:8,(anonymous_5)
FNDA:19,(anonymous_6)
DA:6,4
DA:7,31
DA:11,31
DA:12,24
DA:13,7
DA:14,0
DA:17,31
DA:18,8
DA:25,23
DA:28,17
DA:32,17
DA:33,1
DA:39,16
DA:40,0
DA:47,16
DA:48,0
DA:54,16
DA:55,16
DA:57,6
DA:58,6
DA:66,4
DA:67,19
DA:68,0
DA:69,0
DA:74,0
DA:79,4
DA:80,0
DA:82,0
DA:83,0
DA:87,0
DA:88,0
DA:93,0
DA:98,4
DA:99,8
DA:101,8
DA:102,0
DA:106,8
DA:109,8
DA:110,8
DA:111,8
DA:115,0
DA:116,0
DA:122,0
DA:123,0
DA:125,0
DA:126,0
DA:134,4
DA:135,19
LF:48
LH:29
BRDA:11,0,0,24
BRDA:11,0,1,7
BRDA:11,1,0,31
BRDA:11,1,1,24
BRDA:13,2,0,0
BRDA:13,2,1,7
BRDA:17,3,0,8
BRDA:17,3,1,23
BRDA:32,4,0,1
BRDA:32,4,1,16
BRDA:39,5,0,0
BRDA:39,5,1,16
BRDA:47,6,0,0
BRDA:47,6,1,16
BRDA:47,7,0,16
BRDA:47,7,1,16
BRDA:47,7,2,16
BRDA:68,8,0,0
BRDA:68,8,1,0
BRDA:82,9,0,0
BRDA:82,9,1,0
BRDA:87,10,0,0
BRDA:87,10,1,0
BRDA:101,11,0,0
BRDA:101,11,1,8
BRDA:106,12,0,8
BRDA:106,12,1,8
BRDA:106,12,2,8
BRDA:109,13,0,8
BRDA:109,13,1,0
BRDA:115,14,0,0
BRDA:115,14,1,0
BRDA:136,15,0,19
BRDA:136,15,1,0
BRF:34
BRH:20
end_of_record
TN:
SF:src/middleware/errorHandler.js
FN:1,(anonymous_0)
FN:22,(anonymous_1)
FNF:2
FNH:1
FNDA:1,(anonymous_0)
FNDA:0,(anonymous_1)
DA:1,4
DA:2,1
DA:4,1
DA:5,1
DA:8,1
DA:9,0
DA:10,0
DA:14,1
DA:15,0
DA:16,0
DA:17,0
DA:21,1
DA:22,0
DA:23,0
DA:27,1
DA:28,0
DA:29,0
DA:32,1
DA:33,0
DA:34,0
DA:37,1
LF:21
LH:10
BRDA:8,0,0,0
BRDA:8,0,1,1
BRDA:14,1,0,0
BRDA:14,1,1,1
BRDA:21,2,0,0
BRDA:21,2,1,1
BRDA:27,3,0,0
BRDA:27,3,1,1
BRDA:32,4,0,0
BRDA:32,4,1,1
BRDA:37,5,0,1
BRDA:37,5,1,0
BRDA:39,6,0,1
BRDA:39,6,1,0
BRF:14
BRH:7
end_of_record
TN:
SF:src/middleware/upload.js
FN:28,(anonymous_0)
FN:31,(anonymous_1)
FN:39,(anonymous_2)
FN:60,(anonymous_3)
FN:63,(anonymous_4)
FNF:5
FNH:0
FNDA:0,(anonymous_0)
FNDA:0,(anonymous_1)
FNDA:0,(anonymous_2)
FNDA:0,(anonymous_3)
FNDA:0,(anonymous_4)
DA:6,0
DA:7,0
DA:10,0
DA:11,0
DA:12,0
DA:14,0
DA:15,0
DA:18,0
DA:19,0
DA:22,0
DA:23,0
DA:27,0
DA:29,0
DA:32,0
DA:33,0
DA:34,0
DA:39,0
DA:40,0
DA:42,0
DA:43,0
DA:45,0
DA:50,0
DA:59,0
DA:61,0
DA:64,0
DA:65,0
DA:66,0
DA:71,0
LF:28
LH:0
BRDA:14,0,0,0
BRDA:14,0,1,0
BRDA:18,1,0,0
BRDA:18,1,1,0
BRDA:22,2,0,0
BRDA:22,2,1,0
BRDA:42,3,0,0
BRDA:42,3,1,0
BRF:8
BRH:0
end_of_record
TN:
SF:src/models/Administration.js
FNF:0
FNH:0
DA:6,9
DA:83,9
DA:88,9
DA:191,9
DA:192,9
DA:197,9
DA:254,9
DA:255,9
DA:260,9
DA:336,9
DA:341,9
DA:400,9
DA:401,9
DA:406,9
DA:446,9
DA:451,9
DA:526,9
DA:531,9
DA:591,9
DA:596,9
DA:648,9
DA:649,9
DA:654,9
DA:716,9
DA:721,9
DA:813,9
DA:815,9
DA:816,9
DA:817,9
DA:818,9
DA:819,9
DA:820,9
DA:821,9
DA:822,9
DA:823,9
DA:824,9
DA:825,9
LF:37
LH:37
BRF:0
BRH:0
end_of_record
TN:
SF:src/models/Approval.js
FN:386,(anonymous_0)
FNF:1
FNH:0
FNDA:0,(anonymous_0)
DA:6,9
DA:135,9
DA:136,9
DA:141,9
DA:379,9
DA:380,9
DA:381,9
DA:382,9
DA:383,9
DA:386,9
DA:387,0
DA:388,0
DA:389,0
DA:390,0
DA:392,0
DA:398,9
DA:445,9
DA:590,9
DA:591,9
DA:596,9
DA:692,9
DA:693,9
DA:698,9
DA:747,9
DA:752,9
DA:797,9
DA:799,9
DA:800,9
DA:801,9
DA:802,9
DA:803,9
DA:804,9
DA:805,9
LF:33
LH:28
BRDA:387,0,0,0
BRDA:387,0,1,0
BRDA:387,1,0,0
BRDA:387,1,1,0
BRF:4
BRH:0
end_of_record
TN:
SF:src/models/Asset.js
FN:142,(anonymous_0)
FN:251,(anonymous_1)
FN:308,(anonymous_2)
FN:377,(anonymous_3)
FN:478,(anonymous_4)
FN:487,(anonymous_5)
FN:488,(anonymous_6)
FN:489,(anonymous_7)
FN:491,(anonymous_8)
FN:492,(anonymous_9)
FN:544,(anonymous_10)
FNF:11
FNH:0
FNDA:0,(anonymous_0)
FNDA:0,(anonymous_1)
FNDA:0,(anonymous_2)
FNDA:0,(anonymous_3)
FNDA:0,(anonymous_4)
FNDA:0,(anonymous_5)
FNDA:0,(anonymous_6)
FNDA:0,(anonymous_7)
FNDA:0,(anonymous_8)
FNDA:0,(anonymous_9)
FNDA:0,(anonymous_10)
DA:4,9
DA:32,9
DA:35,9
DA:134,9
DA:135,9
DA:136,9
DA:137,9
DA:138,9
DA:139,9
DA:140,9
DA:142,9
DA:143,0
DA:144,0
DA:145,0
DA:149,0
DA:152,0
DA:154,0
DA:158,9
DA:176,9
DA:177,9
DA:180,9
DA:247,9
DA:248,9
DA:249,9
DA:251,9
DA:252,0
DA:253,0
DA:254,0
DA:258,0
DA:260,0
DA:264,9
DA:305,9
DA:306,9
DA:308,9
DA:309,0
DA:310,0
DA:311,0
DA:313,0
DA:317,9
DA:373,9
DA:374,9
DA:375,9
DA:377,9
DA:378,0
DA:379,0
DA:380,0
DA:384,0
DA:386,0
DA:390,9
DA:475,9
DA:476,9
DA:478,9
DA:479,0
DA:480,0
DA:481,0
DA:485,0
DA:486,0
DA:487,0
DA:488,0
DA:489,0
DA:490,0
DA:491,0
DA:492,0
DA:495,0
DA:496,0
DA:499,0
DA:503,9
DA:540,9
DA:541,9
DA:542,9
DA:544,9
DA:545,0
DA:546,0
DA:547,0
DA:549,0
DA:552,9
DA:553,9
DA:554,9
DA:555,9
DA:556,9
DA:557,9
DA:558,9
DA:559,9
LF:83
LH:45
BRDA:143,0,0,0
BRDA:143,0,1,0
BRDA:143,1,0,0
BRDA:143,1,1,0
BRDA:149,2,0,0
BRDA:149,2,1,0
BRDA:149,3,0,0
BRDA:149,3,1,0
BRDA:252,4,0,0
BRDA:252,4,1,0
BRDA:252,5,0,0
BRDA:252,5,1,0
BRDA:258,6,0,0
BRDA:258,6,1,0
BRDA:258,7,0,0
BRDA:258,7,1,0
BRDA:309,8,0,0
BRDA:309,8,1,0
BRDA:309,9,0,0
BRDA:309,9,1,0
BRDA:378,10,0,0
BRDA:378,10,1,0
BRDA:378,11,0,0
BRDA:378,11,1,0
BRDA:384,12,0,0
BRDA:384,12,1,0
BRDA:479,13,0,0
BRDA:479,13,1,0
BRDA:479,14,0,0
BRDA:479,14,1,0
BRDA:485,15,0,0
BRDA:485,15,1,0
BRDA:485,16,0,0
BRDA:485,16,1,0
BRDA:487,17,0,0
BRDA:487,17,1,0
BRDA:492,18,0,0
BRDA:492,18,1,0
BRDA:495,19,0,0
BRDA:495,19,1,0
BRDA:545,20,0,0
BRDA:545,20,1,0
BRDA:545,21,0,0
BRDA:545,21,1,0
BRF:44
BRH:0
end_of_record
TN:
SF:src/models/Attendance.js
FN:177,(anonymous_0)
FN:186,(anonymous_1)
FN:201,(anonymous_2)
FNF:3
FNH:1
FNDA:19,(anonymous_0)
FNDA:0,(anonymous_1)
FNDA:0,(anonymous_2)
DA:3,9
DA:170,9
DA:173,9
DA:174,9
DA:177,9
DA:178,19
DA:179,1
DA:180,1
DA:183,1
DA:186,1
DA:187,1
DA:189,1
DA:190,1
DA:193,1
DA:194,0
DA:197,19
DA:201,9
DA:202,0
DA:205,9
DA:206,9
DA:208,9
LF:21
LH:19
BRDA:178,0,0,1
BRDA:178,0,1,18
BRDA:178,1,0,19
BRDA:178,1,1,19
BRDA:186,2,0,1
BRDA:186,2,1,1
BRDA:186,3,0,0
BRDA:186,3,1,0
BRDA:193,4,0,0
BRDA:193,4,1,1
BRF:10
BRH:7
end_of_record
TN:
SF:src/models/AuditLog.js
FN:154,(anonymous_0)
FN:166,(anonymous_1)
FN:293,(anonymous_2)
FNF:3
FNH:0
FNDA:0,(anonymous_0)
FNDA:0,(anonymous_1)
FNDA:0,(anonymous_2)
DA:5,9
DA:135,9
DA:136,9
DA:137,9
DA:138,9
DA:139,9
DA:140,9
DA:146,9
DA:154,9
DA:155,0
DA:156,0
DA:157,0
DA:159,0
DA:161,0
DA:166,9
DA:167,0
DA:168,0
DA:170,0
DA:172,0
DA:177,0
DA:179,0
DA:181,0
DA:182,0
DA:184,0
DA:185,0
DA:186,0
DA:187,0
DA:190,0
DA:192,0
DA:193,0
DA:195,0
DA:199,0
DA:200,0
DA:201,0
DA:202,0
DA:203,0
DA:204,0
DA:205,0
DA:207,0
DA:210,0
DA:221,9
DA:247,9
DA:291,9
DA:293,9
DA:294,0
DA:295,0
DA:296,0
DA:298,0
DA:301,9
DA:302,9
DA:303,9
LF:51
LH:17
BRDA:170,0,0,0
BRDA:170,0,1,0
BRDA:170,1,0,0
BRDA:170,1,1,0
BRDA:173,2,0,0
BRDA:173,2,1,0
BRDA:174,3,0,0
BRDA:174,3,1,0
BRDA:179,4,0,0
BRDA:179,4,1,0
BRDA:184,5,0,0
BRDA:184,5,1,0
BRDA:190,6,0,0
BRDA:190,6,1,0
BRDA:192,7,0,0
BRDA:192,7,1,0
BRDA:193,8,0,0
BRDA:193,8,1,0
BRDA:195,9,0,0
BRDA:195,9,1,0
BRDA:200,10,0,0
BRDA:200,10,1,0
BRDA:201,11,0,0
BRDA:201,11,1,0
BRDA:202,12,0,0
BRDA:202,12,1,0
BRDA:204,13,0,0
BRDA:204,13,1,0
BRDA:205,14,0,0
BRDA:205,14,1,0
BRDA:207,15,0,0
BRDA:207,15,1,0
BRDA:294,16,0,0
BRDA:294,16,1,0
BRDA:294,17,0,0
BRDA:294,17,1,0
BRF:36
BRH:0
end_of_record
TN:
SF:src/models/Benefit.js
FNF:0
FNH:0
DA:3,9
DA:78,9
DA:80,9
DA:140,9
DA:141,9
DA:143,9
DA:144,9
LF:7
LH:7
BRF:0
BRH:0
end_of_record
TN:
SF:src/models/Bill.js
FN:219,(anonymous_0)
FN:228,(anonymous_1)
FN:230,(anonymous_2)
FN:231,(anonymous_3)
FN:235,(anonymous_4)
FN:334,(anonymous_5)
FNF:6
FNH:0
FNDA:0,(anonymous_0)
FNDA:0,(anonymous_1)
FNDA:0,(anonymous_2)
FNDA:0,(anonymous_3)
FNDA:0,(anonymous_4)
FNDA:0,(anonymous_5)
DA:3,9
DA:61,9
DA:63,9
DA:92,9
DA:118,9
DA:213,9
DA:214,9
DA:215,9
DA:216,9
DA:219,9
DA:220,0
DA:221,0
DA:222,0
DA:224,0
DA:228,9
DA:229,0
DA:230,0
DA:231,0
DA:232,0
DA:235,0
DA:236,0
DA:239,0
DA:240,0
DA:241,0
DA:242,0
DA:245,0
DA:249,9
DA:331,9
DA:334,9
DA:335,0
DA:336,0
DA:337,0
DA:339,0
DA:342,9
DA:343,9
DA:344,9
LF:36
LH:17
BRDA:220,0,0,0
BRDA:220,0,1,0
BRDA:220,1,0,0
BRDA:220,1,1,0
BRDA:229,2,0,0
BRDA:229,2,1,0
BRDA:229,3,0,0
BRDA:229,3,1,0
BRDA:230,4,0,0
BRDA:230,4,1,0
BRDA:231,5,0,0
BRDA:231,5,1,0
BRDA:235,6,0,0
BRDA:235,6,1,0
BRDA:235,7,0,0
BRDA:235,7,1,0
BRDA:239,8,0,0
BRDA:239,8,1,0
BRDA:239,9,0,0
BRDA:239,9,1,0
BRDA:241,10,0,0
BRDA:241,10,1,0
BRDA:241,11,0,0
BRDA:241,11,1,0
BRDA:335,12,0,0
BRDA:335,12,1,0
BRDA:335,13,0,0
BRDA:335,13,1,0
BRF:28
BRH:0
end_of_record
TN:
SF:src/models/Bookkeeping.js
FN:157,(anonymous_0)
FN:166,(anonymous_1)
FN:167,(anonymous_2)
FN:168,(anonymous_3)
FN:283,(anonymous_4)
FN:284,(anonymous_5)
FNF:6
FNH:0
FNDA:0,(anonymous_0)
FNDA:0,(anonymous_1)
FNDA:0,(anonymous_2)
FNDA:0,(anonymous_3)
FNDA:0,(anonymous_4)
FNDA:0,(anonymous_5)
DA:4,9
DA:65,9
DA:68,9
DA:85,9
DA:152,9
DA:153,9
DA:154,9
DA:157,9
DA:158,0
DA:159,0
DA:160,0
DA:162,0
DA:166,9
DA:167,0
DA:168,0
DA:170,0
DA:171,0
DA:173,0
DA:177,9
DA:217,9
DA:220,9
DA:233,9
DA:280,9
DA:283,9
DA:284,0
DA:285,0
DA:288,9
DA:289,9
DA:290,9
DA:291,9
LF:30
LH:19
BRDA:158,0,0,0
BRDA:158,0,1,0
BRDA:158,1,0,0
BRDA:158,1,1,0
BRDA:167,2,0,0
BRDA:167,2,1,0
BRDA:168,3,0,0
BRDA:168,3,1,0
BRDA:170,4,0,0
BRDA:170,4,1,0
BRDA:284,5,0,0
BRDA:284,5,1,0
BRF:12
BRH:0
end_of_record
TN:
SF:src/models/Branch.js
FNF:0
FNH:0
DA:3,9
DA:80,9
DA:83,9
DA:86,9
DA:93,9
DA:94,9
DA:96,9
LF:7
LH:7
BRF:0
BRH:0
end_of_record
TN:
SF:src/models/Communication.js
FN:382,(anonymous_0)
FN:556,(anonymous_1)
FN:612,(anonymous_2)
FNF:3
FNH:0
FNDA:0,(anonymous_0)
FNDA:0,(anonymous_1)
FNDA:0,(anonymous_2)
DA:4,9
DA:90,9
DA:91,9
DA:94,9
DA:162,9
DA:163,9
DA:166,9
DA:247,9
DA:248,9
DA:249,9
DA:250,9
DA:251,9
DA:252,9
DA:253,9
DA:256,9
DA:280,9
DA:283,9
DA:375,9
DA:376,9
DA:377,9
DA:378,9
DA:379,9
DA:380,9
DA:382,9
DA:383,0
DA:384,0
DA:385,0
DA:387,0
DA:391,9
DA:441,9
DA:442,9
DA:443,9
DA:444,9
DA:447,9
DA:552,9
DA:553,9
DA:554,9
DA:556,9
DA:557,0
DA:558,0
DA:559,0
DA:561,0
DA:565,9
DA:608,9
DA:609,9
DA:610,9
DA:612,9
DA:613,0
DA:614,0
DA:615,0
DA:617,0
DA:621,9
DA:683,9
DA:686,9
DA:706,9
DA:709,9
DA:726,9
DA:727,9
DA:729,9
DA:730,9
DA:731,9
DA:732,9
DA:733,9
DA:734,9
DA:735,9
DA:736,9
DA:737,9
DA:738,9
DA:739,9
LF:69
LH:57
BRDA:383,0,0,0
BRDA:383,0,1,0
BRDA:383,1,0,0
BRDA:383,1,1,0
BRDA:557,2,0,0
BRDA:557,2,1,0
BRDA:557,3,0,0
BRDA:557,3,1,0
BRDA:613,4,0,0
BRDA:613,4,1,0
BRDA:613,5,0,0
BRDA:613,5,1,0
BRF:12
BRH:0
end_of_record
TN:
SF:src/models/Department.js
FNF:0
FNH:0
DA:3,9
DA:53,9
DA:56,9
DA:64,9
DA:70,9
DA:71,9
DA:73,9
LF:7
LH:7
BRF:0
BRH:0
end_of_record
TN:
SF:src/models/Designation.js
FNF:0
FNH:0
DA:3,9
DA:55,9
DA:58,9
DA:65,9
DA:66,9
DA:68,9
LF:6
LH:6
BRF:0
BRH:0
end_of_record
TN:
SF:src/models/DutyRosterLink.js
FN:26,(anonymous_0)
FN:84,(anonymous_1)
FN:89,(anonymous_2)
FN:94,(anonymous_3)
FNF:4
FNH:0
FNDA:0,(anonymous_0)
FNDA:0,(anonymous_1)
FNDA:0,(anonymous_2)
FNDA:0,(anonymous_3)
DA:4,9
DA:26,0
DA:78,9
DA:81,9
DA:84,9
DA:85,0
DA:89,9
DA:90,0
DA:94,9
DA:95,0
DA:96,0
DA:98,0
DA:101,9
LF:13
LH:7
BRDA:90,0,0,0
BRDA:90,0,1,0
BRDA:90,0,2,0
BRDA:95,1,0,0
BRDA:95,1,1,0
BRDA:95,2,0,0
BRDA:95,2,1,0
BRF:7
BRH:0
end_of_record
TN:
SF:src/models/EmailSettings.js
FN:92,(anonymous_0)
FN:111,(anonymous_1)
FN:119,(anonymous_2)
FNF:3
FNH:0
FNDA:0,(anonymous_0)
FNDA:0,(anonymous_1)
FNDA:0,(anonymous_2)
DA:3,9
DA:92,9
DA:93,0
DA:94,0
DA:95,0
DA:97,0
DA:103,0
DA:105,0
DA:106,0
DA:111,9
DA:112,0
DA:113,0
DA:115,0
DA:119,9
DA:120,0
DA:122,0
DA:123,0
DA:125,0
DA:128,9
LF:19
LH:5
BRDA:95,0,0,0
BRDA:95,0,1,0
BRDA:112,1,0,0
BRDA:112,1,1,0
BRDA:113,2,0,0
BRDA:113,2,1,0
BRDA:122,3,0,0
BRDA:122,3,1,0
BRF:8
BRH:0
end_of_record
TN:
SF:src/models/Employee.js
FN:245,(anonymous_0)
FN:250,(anonymous_1)
FNF:2
FNH:2
FNDA:17,(anonymous_0)
FNDA:17,(anonymous_1)
DA:4,9
DA:242,9
DA:245,9
DA:246,17
DA:250,9
DA:251,17
DA:252,17
DA:253,17
DA:254,17
DA:258,9
DA:264,9
DA:265,9
DA:267,9
LF:13
LH:13
BRDA:246,0,0,0
BRDA:246,0,1,17
BRDA:251,1,0,0
BRDA:251,1,1,17
BRF:4
BRH:2
end_of_record
TN:
SF:src/models/EmployeeShiftSchedule.js
FN:104,(anonymous_0)
FNF:1
FNH:0
FNDA:0,(anonymous_0)
DA:3,9
DA:95,9
DA:98,9
DA:101,9
DA:104,9
DA:105,0
DA:106,0
DA:109,9
DA:110,9
DA:112,9
LF:10
LH:8
BRF:0
BRH:0
end_of_record
TN:
SF:src/models/Event.js
FN:214,(anonymous_0)
FN:222,(anonymous_1)
FN:223,(anonymous_2)
FN:224,(anonymous_3)
FN:285,(anonymous_4)
FN:429,(anonymous_5)
FNF:6
FNH:0
FNDA:0,(anonymous_0)
FNDA:0,(anonymous_1)
FNDA:0,(anonymous_2)
FNDA:0,(anonymous_3)
FNDA:0,(anonymous_4)
FNDA:0,(anonymous_5)
DA:4,9
DA:14,9
DA:17,9
DA:207,9
DA:208,9
DA:209,9
DA:210,9
DA:211,9
DA:212,9
DA:214,9
DA:215,0
DA:216,0
DA:217,0
DA:221,0
DA:222,0
DA:223,0
DA:224,0
DA:227,0
DA:231,9
DA:281,9
DA:282,9
DA:283,9
DA:285,9
DA:286,0
DA:287,0
DA:288,0
DA:289,0
DA:291,0
DA:292,0
DA:295,0
DA:299,9
DA:337,9
DA:338,9
DA:341,9
DA:362,9
DA:365,9
DA:425,9
DA:426,9
DA:427,9
DA:429,9
DA:430,0
DA:431,0
DA:432,0
DA:434,0
DA:437,9
DA:438,9
DA:439,9
DA:440,9
DA:441,9
DA:442,9
LF:50
LH:31
BRDA:215,0,0,0
BRDA:215,0,1,0
BRDA:215,1,0,0
BRDA:215,1,1,0
BRDA:221,2,0,0
BRDA:221,2,1,0
BRDA:221,3,0,0
BRDA:221,3,1,0
BRDA:286,4,0,0
BRDA:286,4,1,0
BRDA:287,5,0,0
BRDA:287,5,1,0
BRDA:291,6,0,0
BRDA:291,6,1,0
BRDA:430,7,0,0
BRDA:430,7,1,0
BRDA:430,8,0,0
BRDA:430,8,1,0
BRF:18
BRH:0
end_of_record
TN:
SF:src/models/Expense.js
FN:176,(anonymous_0)
FN:185,(anonymous_1)
FN:187,(anonymous_2)
FN:188,(anonymous_3)
FNF:4
FNH:0
FNDA:0,(anonymous_0)
FNDA:0,(anonymous_1)
FNDA:0,(anonymous_2)
FNDA:0,(anonymous_3)
DA:3,9
DA:38,9
DA:40,9
DA:72,9
DA:170,9
DA:171,9
DA:172,9
DA:173,9
DA:176,9
DA:177,0
DA:178,0
DA:179,0
DA:181,0
DA:185,9
DA:186,0
DA:187,0
DA:188,0
DA:189,0
DA:191,0
DA:194,9
DA:195,9
LF:21
LH:12
BRDA:177,0,0,0
BRDA:177,0,1,0
BRDA:177,1,0,0
BRDA:177,1,1,0
BRDA:186,2,0,0
BRDA:186,2,1,0
BRDA:186,3,0,0
BRDA:186,3,1,0
BRDA:187,4,0,0
BRDA:187,4,1,0
BRDA:188,5,0,0
BRDA:188,5,1,0
BRF:12
BRH:0
end_of_record
TN:
SF:src/models/GlobalSettings.js
FN:55,(anonymous_0)
FN:63,(anonymous_1)
FNF:2
FNH:0
FNDA:0,(anonymous_0)
FNDA:0,(anonymous_1)
DA:3,0
DA:55,0
DA:56,0
DA:57,0
DA:58,0
DA:60,0
DA:63,0
DA:64,0
DA:65,0
DA:66,0
DA:70,0
DA:71,0
DA:73,0
DA:74,0
DA:76,0
DA:77,0
DA:80,0
DA:81,0
DA:82,0
DA:85,0
LF:20
LH:0
BRDA:57,0,0,0
BRDA:57,0,1,0
BRDA:65,1,0,0
BRDA:65,1,1,0
BRDA:70,2,0,0
BRDA:70,2,1,0
BRDA:73,3,0,0
BRDA:73,3,1,0
BRDA:76,4,0,0
BRDA:76,4,1,0
BRF:10
BRH:0
end_of_record
TN:
SF:src/models/Holiday.js
FN:72,(anonymous_0)
FNF:1
FNH:0
FNDA:0,(anonymous_0)
DA:3,9
DA:69,9
DA:72,9
DA:73,0
DA:74,0
DA:76,0
DA:79,9
LF:7
LH:4
BRDA:73,0,0,0
BRDA:73,0,1,0
BRF:2
BRH:0
end_of_record
TN:
SF:src/models/Inventory.js
FN:208,(anonymous_0)
FN:274,(anonymous_1)
FN:296,(anonymous_2)
FN:297,(anonymous_3)
FN:369,(anonymous_4)
FNF:5
FNH:0
FNDA:0,(anonymous_0)
FNDA:0,(anonymous_1)
FNDA:0,(anonymous_2)
FNDA:0,(anonymous_3)
FNDA:0,(anonymous_4)
DA:4,9
DA:42,9
DA:45,9
DA:60,9
DA:63,9
DA:74,9
DA:77,9
DA:144,9
DA:145,9
DA:146,9
DA:147,9
DA:150,9
DA:161,9
DA:164,9
DA:178,9
DA:179,9
DA:182,9
DA:204,9
DA:205,9
DA:208,9
DA:209,0
DA:213,9
DA:269,9
DA:270,9
DA:271,9
DA:274,9
DA:275,0
DA:276,0
DA:289,0
DA:290,0
DA:294,0
DA:295,0
DA:296,0
DA:297,0
DA:300,0
DA:304,9
DA:366,9
DA:367,9
DA:369,9
DA:370,0
DA:371,0
DA:372,0
DA:374,0
DA:378,9
DA:404,9
DA:405,9
DA:408,9
DA:431,9
DA:432,9
DA:434,9
DA:435,9
DA:436,9
DA:437,9
DA:438,9
DA:439,9
DA:440,9
DA:441,9
DA:442,9
DA:443,9
DA:444,9
LF:60
LH:46
BRDA:275,0,0,0
BRDA:275,0,1,0
BRDA:275,1,0,0
BRDA:275,1,1,0
BRDA:276,2,0,0
BRDA:276,2,1,0
BRDA:294,3,0,0
BRDA:294,3,1,0
BRDA:294,4,0,0
BRDA:294,4,1,0
BRDA:297,5,0,0
BRDA:297,5,1,0
BRDA:370,6,0,0
BRDA:370,6,1,0
BRDA:370,7,0,0
BRDA:370,7,1,0
BRF:16
BRH:0
end_of_record
TN:
SF:src/models/Invoice.js
FN:212,(anonymous_0)
FN:222,(anonymous_1)
FN:224,(anonymous_2)
FN:225,(anonymous_3)
FN:226,(anonymous_4)
FN:230,(anonymous_5)
FNF:6
FNH:0
FNDA:0,(anonymous_0)
FNDA:0,(anonymous_1)
FNDA:0,(anonymous_2)
FNDA:0,(anonymous_3)
FNDA:0,(anonymous_4)
FNDA:0,(anonymous_5)
DA:3,9
DA:55,9
DA:57,9
DA:88,9
DA:114,9
DA:206,9
DA:207,9
DA:208,9
DA:209,9
DA:212,9
DA:213,0
DA:214,0
DA:215,0
DA:216,0
DA:218,0
DA:222,9
DA:223,0
DA:224,0
DA:225,0
DA:226,0
DA:227,0
DA:230,0
DA:231,0
DA:233,0
DA:234,0
DA:235,0
DA:236,0
DA:239,0
DA:242,9
DA:243,9
LF:30
LH:13
BRDA:213,0,0,0
BRDA:213,0,1,0
BRDA:213,1,0,0
BRDA:213,1,1,0
BRDA:215,2,0,0
BRDA:215,2,1,0
BRDA:215,3,0,0
BRDA:215,3,1,0
BRDA:223,4,0,0
BRDA:223,4,1,0
BRDA:223,5,0,0
BRDA:223,5,1,0
BRDA:224,6,0,0
BRDA:224,6,1,0
BRDA:225,7,0,0
BRDA:225,7,1,0
BRDA:226,8,0,0
BRDA:226,8,1,0
BRDA:230,9,0,0
BRDA:230,9,1,0
BRDA:230,10,0,0
BRDA:230,10,1,0
BRDA:233,11,0,0
BRDA:233,11,1,0
BRDA:233,12,0,0
BRDA:233,12,1,0
BRDA:233,12,2,0
BRDA:235,13,0,0
BRDA:235,13,1,0
BRDA:235,14,0,0
BRDA:235,14,1,0
BRF:31
BRH:0
end_of_record
TN:
SF:src/models/Job.js
FNF:0
FNH:0
DA:3,9
DA:137,9
DA:138,9
DA:139,9
DA:141,9
DA:242,9
DA:243,9
DA:244,9
DA:246,9
DA:338,9
DA:339,9
DA:341,9
DA:424,9
DA:426,9
DA:427,9
DA:428,9
DA:429,9
LF:17
LH:17
BRF:0
BRH:0
end_of_record
TN:
SF:src/models/LeaveBalance.js
FN:90,(anonymous_0)
FN:95,(anonymous_1)
FNF:2
FNH:0
FNDA:0,(anonymous_0)
FNDA:0,(anonymous_1)
DA:3,9
DA:87,9
DA:90,9
DA:91,0
DA:95,9
DA:96,0
DA:99,9
DA:100,9
DA:102,9
LF:9
LH:7
BRF:0
BRH:0
end_of_record
TN:
SF:src/models/LeaveRequest.js
FN:156,(anonymous_0)
FN:164,(anonymous_1)
FNF:2
FNH:2
FNDA:21,(anonymous_0)
FNDA:3,(anonymous_1)
DA:3,9
DA:151,9
DA:152,9
DA:153,9
DA:156,9
DA:157,21
DA:158,0
DA:160,21
DA:164,9
DA:165,3
DA:166,1
DA:168,2
DA:171,9
DA:172,9
DA:174,9
LF:15
LH:14
BRDA:157,0,0,0
BRDA:157,0,1,21
BRDA:165,1,0,1
BRDA:165,1,1,2
BRDA:166,2,0,1
BRDA:166,2,1,0
BRDA:168,3,0,1
BRDA:168,3,1,1
BRF:8
BRH:6
end_of_record
TN:
SF:src/models/LeaveType.js
FNF:0
FNH:0
DA:3,9
DA:123,9
DA:125,9
LF:3
LH:3
BRF:0
BRH:0
end_of_record
TN:
SF:src/models/LiveChat.js
FN:86,(anonymous_0)
FN:94,(anonymous_1)
FN:103,(anonymous_2)
FN:104,(anonymous_3)
FNF:4
FNH:0
FNDA:0,(anonymous_0)
FNDA:0,(anonymous_1)
FNDA:0,(anonymous_2)
FNDA:0,(anonymous_3)
DA:3,0
DA:23,0
DA:81,0
DA:82,0
DA:83,0
DA:86,0
DA:87,0
DA:88,0
DA:90,0
DA:94,0
DA:95,0
DA:102,0
DA:103,0
DA:104,0
DA:107,0
DA:110,0
LF:16
LH:0
BRDA:87,0,0,0
BRDA:87,0,1,0
BRDA:87,1,0,0
BRDA:87,1,1,0
BRDA:104,2,0,0
BRDA:104,2,1,0
BRF:6
BRH:0
end_of_record
TN:
SF:src/models/Loan.js
FN:182,(anonymous_0)
FN:191,(anonymous_1)
FNF:2
FNH:0
FNDA:0,(anonymous_0)
FNDA:0,(anonymous_1)
DA:3,9
DA:64,9
DA:66,9
DA:85,9
DA:177,9
DA:178,9
DA:179,9
DA:182,9
DA:183,0
DA:184,0
DA:185,0
DA:187,0
DA:191,9
DA:192,0
DA:193,0
DA:194,0
DA:197,0
DA:198,0
DA:200,0
DA:203,0
DA:204,0
DA:206,0
DA:207,0
DA:208,0
DA:210,0
DA:211,0
DA:212,0
DA:214,0
DA:215,0
DA:217,0
DA:225,0
DA:228,0
DA:229,0
DA:232,9
DA:233,9
LF:35
LH:11
BRDA:183,0,0,0
BRDA:183,0,1,0
BRDA:183,1,0,0
BRDA:183,1,1,0
BRDA:192,2,0,0
BRDA:192,2,1,0
BRDA:197,3,0,0
BRDA:197,3,1,0
BRDA:197,4,0,0
BRDA:197,4,1,0
BRDA:208,5,0,0
BRDA:208,5,1,0
BRF:12
BRH:0
end_of_record
TN:
SF:src/models/Onboarding.js
FNF:0
FNH:0
DA:3,9
DA:36,9
DA:91,9
DA:92,9
DA:95,9
DA:139,9
DA:140,9
LF:7
LH:7
BRF:0
BRH:0
end_of_record
TN:
SF:src/models/PaymentSettings.js
FN:7,encrypt
FN:16,decrypt
FN:83,(anonymous_2)
FN:109,(anonymous_3)
FN:114,(anonymous_4)
FN:119,(anonymous_5)
FN:124,(anonymous_6)
FN:129,(anonymous_7)
FN:138,(anonymous_8)
FNF:9
FNH:0
FNDA:0,encrypt
FNDA:0,decrypt
FNDA:0,(anonymous_2)
FNDA:0,(anonymous_3)
FNDA:0,(anonymous_4)
FNDA:0,(anonymous_5)
FNDA:0,(anonymous_6)
FNDA:0,(anonymous_7)
FNDA:0,(anonymous_8)
DA:4,9
DA:5,9
DA:8,0
DA:9,0
DA:10,0
DA:11,0
DA:12,0
DA:13,0
DA:17,0
DA:18,0
DA:19,0
DA:20,0
DA:21,0
DA:22,0
DA:23,0
DA:24,0
DA:25,0
DA:27,0
DA:31,9
DA:83,9
DA:84,0
DA:86,0
DA:87,0
DA:90,0
DA:91,0
DA:92,0
DA:95,0
DA:96,0
DA:97,0
DA:100,0
DA:101,0
DA:102,0
DA:105,0
DA:109,9
DA:110,0
DA:114,9
DA:115,0
DA:119,9
DA:120,0
DA:124,9
DA:125,0
DA:129,9
DA:130,0
DA:131,0
DA:132,0
DA:134,0
DA:138,9
DA:139,0
DA:141,0
DA:142,0
DA:144,0
DA:145,0
DA:147,0
DA:148,0
DA:150,0
DA:151,0
DA:153,0
DA:156,9
LF:58
LH:11
BRDA:4,0,0,9
BRDA:4,0,1,9
BRDA:8,1,0,0
BRDA:8,1,1,0
BRDA:17,2,0,0
BRDA:17,2,1,0
BRDA:84,3,0,0
BRDA:84,3,1,0
BRDA:84,4,0,0
BRDA:84,4,1,0
BRDA:86,5,0,0
BRDA:86,5,1,0
BRDA:90,6,0,0
BRDA:90,6,1,0
BRDA:90,7,0,0
BRDA:90,7,1,0
BRDA:91,8,0,0
BRDA:91,8,1,0
BRDA:95,9,0,0
BRDA:95,9,1,0
BRDA:95,10,0,0
BRDA:95,10,1,0
BRDA:96,11,0,0
BRDA:96,11,1,0
BRDA:100,12,0,0
BRDA:100,12,1,0
BRDA:100,13,0,0
BRDA:100,13,1,0
BRDA:101,14,0,0
BRDA:101,14,1,0
BRDA:131,15,0,0
BRDA:131,15,1,0
BRDA:141,16,0,0
BRDA:141,16,1,0
BRDA:142,17,0,0
BRDA:142,17,1,0
BRDA:144,18,0,0
BRDA:144,18,1,0
BRDA:145,19,0,0
BRDA:145,19,1,0
BRDA:147,20,0,0
BRDA:147,20,1,0
BRDA:148,21,0,0
BRDA:148,21,1,0
BRDA:150,22,0,0
BRDA:150,22,1,0
BRDA:151,23,0,0
BRDA:151,23,1,0
BRF:48
BRH:2
end_of_record
TN:
SF:src/models/Payroll.js
FNF:0
FNH:0
DA:3,9
DA:67,9
DA:69,9
DA:156,9
DA:157,9
DA:159,9
DA:160,9
LF:7
LH:7
BRF:0
BRH:0
end_of_record
TN:
SF:src/models/Performance.js
FNF:0
FNH:0
DA:3,9
DA:112,9
DA:113,9
DA:114,9
DA:116,9
DA:201,9
DA:203,9
DA:305,9
DA:306,9
DA:308,9
DA:309,9
DA:310,9
LF:12
LH:12
BRF:0
BRH:0
end_of_record
TN:
SF:src/models/Plan.js
FN:108,(anonymous_0)
FN:117,(anonymous_1)
FN:165,(anonymous_2)
FN:182,(anonymous_3)
FN:197,(anonymous_4)
FN:214,(anonymous_5)
FN:231,(anonymous_6)
FN:251,(anonymous_7)
FNF:8
FNH:0
FNDA:0,(anonymous_0)
FNDA:0,(anonymous_1)
FNDA:0,(anonymous_2)
FNDA:0,(anonymous_3)
FNDA:0,(anonymous_4)
FNDA:0,(anonymous_5)
FNDA:0,(anonymous_6)
FNDA:0,(anonymous_7)
DA:3,9
DA:24,9
DA:108,9
DA:109,0
DA:110,0
DA:112,0
DA:113,0
DA:117,9
DA:118,0
DA:165,9
DA:166,0
DA:167,0
DA:169,0
DA:171,0
DA:173,0
DA:182,0
DA:197,0
DA:214,0
DA:231,0
DA:251,0
DA:258,0
DA:259,0
DA:262,9
LF:23
LH:6
BRDA:109,0,0,0
BRDA:109,0,1,0
BRDA:109,1,0,0
BRDA:109,1,1,0
BRDA:169,2,0,0
BRDA:169,2,1,0
BRF:6
BRH:0
end_of_record
TN:
SF:src/models/Procurement.js
FN:146,(anonymous_0)
FN:152,(anonymous_1)
FN:267,(anonymous_2)
FN:353,(anonymous_3)
FN:427,(anonymous_4)
FN:429,(anonymous_5)
FN:430,(anonymous_6)
FN:528,(anonymous_7)
FNF:8
FNH:0
FNDA:0,(anonymous_0)
FNDA:0,(anonymous_1)
FNDA:0,(anonymous_2)
FNDA:0,(anonymous_3)
FNDA:0,(anonymous_4)
FNDA:0,(anonymous_5)
FNDA:0,(anonymous_6)
FNDA:0,(anonymous_7)
DA:4,9
DA:32,9
DA:35,9
DA:67,9
DA:141,9
DA:142,9
DA:143,9
DA:146,9
DA:147,0
DA:148,0
DA:149,0
DA:152,0
DA:153,0
DA:154,0
DA:156,0
DA:160,9
DA:196,9
DA:263,9
DA:264,9
DA:267,9
DA:268,0
DA:269,0
DA:270,0
DA:272,0
DA:276,9
DA:294,9
DA:348,9
DA:349,9
DA:350,9
DA:353,9
DA:354,0
DA:355,0
DA:356,0
DA:358,0
DA:362,9
DA:424,9
DA:427,9
DA:428,0
DA:429,0
DA:430,0
DA:431,0
DA:433,0
DA:434,0
DA:435,0
DA:436,0
DA:437,0
DA:439,0
DA:443,9
DA:522,9
DA:523,9
DA:524,9
DA:525,9
DA:528,9
DA:529,0
DA:530,0
DA:531,0
DA:533,0
DA:537,9
DA:591,9
DA:593,9
DA:594,9
DA:595,9
DA:596,9
DA:597,9
DA:598,9
DA:599,9
LF:66
LH:37
BRDA:147,0,0,0
BRDA:147,0,1,0
BRDA:147,1,0,0
BRDA:147,1,1,0
BRDA:153,2,0,0
BRDA:153,2,1,0
BRDA:153,3,0,0
BRDA:153,3,1,0
BRDA:268,4,0,0
BRDA:268,4,1,0
BRDA:268,5,0,0
BRDA:268,5,1,0
BRDA:354,6,0,0
BRDA:354,6,1,0
BRDA:354,7,0,0
BRDA:354,7,1,0
BRDA:428,8,0,0
BRDA:428,8,1,0
BRDA:428,9,0,0
BRDA:428,9,1,0
BRDA:429,10,0,0
BRDA:429,10,1,0
BRDA:430,11,0,0
BRDA:430,11,1,0
BRDA:430,12,0,0
BRDA:430,12,1,0
BRDA:433,13,0,0
BRDA:433,13,1,0
BRDA:434,14,0,0
BRDA:434,14,1,0
BRDA:435,15,0,0
BRDA:435,15,1,0
BRDA:436,16,0,0
BRDA:436,16,1,0
BRDA:529,17,0,0
BRDA:529,17,1,0
BRDA:529,18,0,0
BRDA:529,18,1,0
BRF:38
BRH:0
end_of_record
TN:
SF:src/models/Query.js
FN:113,(anonymous_0)
FNF:1
FNH:0
FNDA:0,(anonymous_0)
DA:3,9
DA:24,9
DA:107,9
DA:108,9
DA:109,9
DA:110,9
DA:113,9
DA:114,0
DA:115,0
DA:116,0
DA:118,0
LF:11
LH:7
BRDA:114,0,0,0
BRDA:114,0,1,0
BRDA:114,1,0,0
BRDA:114,1,1,0
BRF:4
BRH:0
end_of_record
TN:
SF:src/models/Reimbursement.js
FN:111,(anonymous_0)
FN:120,(anonymous_1)
FN:122,(anonymous_2)
FNF:3
FNH:0
FNDA:0,(anonymous_0)
FNDA:0,(anonymous_1)
FNDA:0,(anonymous_2)
DA:3,9
DA:28,9
DA:106,9
DA:107,9
DA:108,9
DA:111,9
DA:112,0
DA:113,0
DA:114,0
DA:116,0
DA:120,9
DA:121,0
DA:122,0
DA:124,0
LF:14
LH:7
BRDA:112,0,0,0
BRDA:112,0,1,0
BRDA:112,1,0,0
BRDA:112,1,1,0
BRDA:121,2,0,0
BRDA:121,2,1,0
BRDA:121,3,0,0
BRDA:121,3,1,0
BRDA:122,4,0,0
BRDA:122,4,1,0
BRF:10
BRH:0
end_of_record
TN:
SF:src/models/SalaryStructure.js
FN:145,(anonymous_0)
FN:147,(anonymous_1)
FN:148,(anonymous_2)
FN:153,(anonymous_3)
FN:155,(anonymous_4)
FN:156,(anonymous_5)
FN:160,(anonymous_6)
FNF:7
FNH:0
FNDA:0,(anonymous_0)
FNDA:0,(anonymous_1)
FNDA:0,(anonymous_2)
FNDA:0,(anonymous_3)
FNDA:0,(anonymous_4)
FNDA:0,(anonymous_5)
FNDA:0,(anonymous_6)
DA:3,9
DA:47,9
DA:87,9
DA:89,9
DA:142,9
DA:145,9
DA:146,0
DA:147,0
DA:148,0
DA:149,0
DA:153,9
DA:154,0
DA:155,0
DA:156,0
DA:160,9
DA:161,0
DA:164,9
DA:165,9
DA:167,9
DA:168,9
LF:20
LH:12
BRDA:148,0,0,0
BRDA:148,0,1,0
BRDA:156,1,0,0
BRDA:156,1,1,0
BRF:4
BRH:0
end_of_record
TN:
SF:src/models/Shift.js
FNF:0
FNH:0
DA:3,9
DA:112,9
DA:114,9
LF:3
LH:3
BRF:0
BRH:0
end_of_record
TN:
SF:src/models/ShiftSwapRequest.js
FN:102,(anonymous_0)
FN:107,(anonymous_1)
FNF:2
FNH:0
FNDA:0,(anonymous_0)
FNDA:0,(anonymous_1)
DA:3,9
DA:95,9
DA:96,9
DA:97,9
DA:98,9
DA:99,9
DA:102,9
DA:103,0
DA:107,9
DA:108,0
DA:111,9
LF:11
LH:9
BRF:0
BRH:0
end_of_record
TN:
SF:src/models/Subscription.js
FN:103,(anonymous_0)
FN:109,(anonymous_1)
FN:120,(anonymous_2)
FNF:3
FNH:0
FNDA:0,(anonymous_0)
FNDA:0,(anonymous_1)
FNDA:0,(anonymous_2)
DA:3,9
DA:37,9
DA:98,9
DA:99,9
DA:100,9
DA:103,9
DA:104,0
DA:109,9
DA:110,0
DA:111,0
DA:112,0
DA:113,0
DA:116,9
DA:117,9
DA:120,9
DA:121,0
DA:123,0
DA:124,0
DA:127,0
DA:128,0
DA:129,0
DA:130,0
DA:133,0
DA:134,0
DA:137,9
LF:25
LH:11
BRDA:104,0,0,0
BRDA:104,0,1,0
BRDA:123,1,0,0
BRDA:123,1,1,0
BRDA:127,2,0,0
BRDA:127,2,1,0
BRF:6
BRH:0
end_of_record
TN:
SF:src/models/Task.js
FN:141,(anonymous_0)
FN:150,(anonymous_1)
FN:152,(anonymous_2)
FNF:3
FNH:0
FNDA:0,(anonymous_0)
FNDA:0,(anonymous_1)
FNDA:0,(anonymous_2)
DA:3,9
DA:24,9
DA:40,9
DA:134,9
DA:135,9
DA:136,9
DA:137,9
DA:138,9
DA:141,9
DA:142,0
DA:143,0
DA:144,0
DA:146,0
DA:150,9
DA:151,0
DA:152,0
DA:153,0
DA:156,9
DA:157,9
LF:19
LH:12
BRDA:142,0,0,0
BRDA:142,0,1,0
BRDA:142,1,0,0
BRDA:142,1,1,0
BRDA:151,2,0,0
BRDA:151,2,1,0
BRDA:151,3,0,0
BRDA:151,3,1,0
BRF:8
BRH:0
end_of_record
TN:
SF:src/models/TaskManagement.js
FN:530,(anonymous_0)
FN:540,(anonymous_1)
FN:542,(anonymous_2)
FNF:3
FNH:0
FNDA:0,(anonymous_0)
FNDA:0,(anonymous_1)
FNDA:0,(anonymous_2)
DA:6,9
DA:140,9
DA:141,9
DA:146,9
DA:182,9
DA:187,9
DA:523,9
DA:524,9
DA:525,9
DA:526,9
DA:527,9
DA:530,9
DA:531,0
DA:532,0
DA:533,0
DA:534,0
DA:536,0
DA:540,9
DA:541,0
DA:542,0
DA:543,0
DA:550,9
DA:622,9
DA:627,9
DA:742,9
DA:747,9
DA:814,9
DA:873,9
DA:875,9
DA:876,9
DA:877,9
DA:878,9
DA:879,9
DA:880,9
DA:881,9
LF:35
LH:27
BRDA:531,0,0,0
BRDA:531,0,1,0
BRDA:531,1,0,0
BRDA:531,1,1,0
BRDA:533,2,0,0
BRDA:533,2,1,0
BRDA:541,3,0,0
BRDA:541,3,1,0
BRDA:541,4,0,0
BRDA:541,4,1,0
BRF:10
BRH:0
end_of_record
TN:
SF:src/models/Tenant.js
FN:143,(anonymous_0)
FN:193,(anonymous_1)
FN:207,(anonymous_2)
FNF:3
FNH:1
FNDA:142,(anonymous_0)
FNDA:0,(anonymous_1)
FNDA:0,(anonymous_2)
DA:4,9
DA:143,9
DA:144,142
DA:145,0
DA:152,142
DA:153,111
DA:155,10
DA:156,10
DA:157,10
DA:158,10
DA:160,1
DA:164,1
DA:165,1
DA:166,1
DA:168,100
DA:169,100
DA:170,100
DA:171,100
DA:176,142
DA:177,133
DA:178,133
DA:179,133
DA:180,133
DA:184,142
DA:185,0
DA:186,0
DA:189,142
DA:193,9
DA:194,0
DA:195,0
DA:198,0
DA:199,0
DA:200,0
DA:201,0
DA:203,0
DA:207,9
DA:208,0
DA:209,0
DA:220,0
DA:224,9
DA:231,9
DA:232,9
DA:234,9
LF:43
LH:30
BRDA:144,0,0,0
BRDA:144,0,1,142
BRDA:144,1,0,142
BRDA:144,1,1,133
BRDA:152,2,0,111
BRDA:152,2,1,31
BRDA:153,3,0,10
BRDA:153,3,1,1
BRDA:153,3,2,100
BRDA:176,4,0,133
BRDA:176,4,1,9
BRDA:176,5,0,142
BRDA:176,5,1,133
BRDA:177,6,0,133
BRDA:177,6,1,0
BRDA:178,7,0,133
BRDA:178,7,1,0
BRDA:184,8,0,0
BRDA:184,8,1,142
BRDA:184,9,0,142
BRDA:184,9,1,0
BRDA:184,9,2,0
BRDA:185,10,0,0
BRDA:185,10,1,0
BRDA:194,11,0,0
BRDA:194,11,1,0
BRDA:194,12,0,0
BRDA:194,12,1,0
BRDA:201,13,0,0
BRDA:201,13,1,0
BRF:30
BRH:16
end_of_record
TN:
SF:src/models/Training.js
FNF:0
FNH:0
DA:3,9
DA:118,9
DA:119,9
DA:121,9
DA:197,9
DA:198,9
DA:200,9
DA:280,9
DA:281,9
DA:283,9
DA:312,9
DA:314,9
DA:359,9
DA:361,9
DA:362,9
DA:363,9
DA:364,9
DA:365,9
LF:18
LH:18
BRF:0
BRH:0
end_of_record
TN:
SF:src/models/User.js
FN:77,(anonymous_0)
FN:86,(anonymous_1)
FN:91,(anonymous_2)
FNF:3
FNH:3
FNDA:137,(anonymous_0)
FNDA:20,(anonymous_1)
FNDA:18,(anonymous_2)
DA:5,9
DA:77,9
DA:78,137
DA:80,126
DA:81,126
DA:82,126
DA:86,9
DA:87,20
DA:91,9
DA:92,18
DA:95,9
DA:96,9
DA:98,9
LF:13
LH:13
BRDA:78,0,0,11
BRDA:78,0,1,126
BRF:2
BRH:2
end_of_record
TN:
SF:src/models/Wallet.js
FN:146,(anonymous_0)
FN:230,(anonymous_1)
FNF:2
FNH:0
FNDA:0,(anonymous_0)
FNDA:0,(anonymous_1)
DA:3,9
DA:55,9
DA:57,9
DA:141,9
DA:142,9
DA:143,9
DA:146,9
DA:147,0
DA:148,0
DA:149,0
DA:151,0
DA:155,9
DA:225,9
DA:226,9
DA:227,9
DA:230,9
DA:231,0
DA:232,0
DA:233,0
DA:235,0
DA:238,9
DA:239,9
DA:240,9
LF:23
LH:15
BRDA:147,0,0,0
BRDA:147,0,1,0
BRDA:147,1,0,0
BRDA:147,1,1,0
BRDA:231,2,0,0
BRDA:231,2,1,0
BRDA:231,3,0,0
BRDA:231,3,1,0
BRF:8
BRH:0
end_of_record
TN:
SF:src/models/WebsiteContent.js
FNF:0
FNH:0
DA:3,0
DA:22,0
LF:2
LH:0
BRF:0
BRH:0
end_of_record
TN:
SF:src/models/Workflow.js
FN:173,(anonymous_0)
FNF:1
FNH:0
FNDA:0,(anonymous_0)
DA:3,9
DA:35,9
DA:80,9
DA:81,9
DA:83,9
DA:105,9
DA:167,9
DA:168,9
DA:169,9
DA:170,9
DA:173,9
DA:174,0
DA:175,0
DA:176,0
DA:178,0
DA:181,9
DA:182,9
LF:17
LH:13
BRDA:174,0,0,0
BRDA:174,0,1,0
BRDA:174,1,0,0
BRDA:174,1,1,0
BRF:4
BRH:0
end_of_record
TN:
SF:src/models/WorkflowEngine.js
FN:276,(anonymous_0)
FNF:1
FNH:0
FNDA:0,(anonymous_0)
DA:5,9
DA:167,9
DA:168,9
DA:172,9
DA:269,9
DA:270,9
DA:271,9
DA:272,9
DA:273,9
DA:274,9
DA:276,9
DA:277,0
DA:278,0
DA:279,0
DA:281,0
DA:285,9
DA:317,9
DA:318,9
DA:322,9
DA:351,9
DA:355,9
DA:413,9
DA:414,9
DA:417,9
DA:470,9
DA:473,9
DA:484,9
DA:486,9
DA:487,9
DA:488,9
DA:489,9
DA:490,9
DA:491,9
DA:492,9
LF:34
LH:30
BRDA:277,0,0,0
BRDA:277,0,1,0
BRDA:277,1,0,0
BRDA:277,1,1,0
BRF:4
BRH:0
end_of_record
TN:
SF:src/models/index.js
FNF:0
FNH:0
LF:0
LH:0
BRF:0
BRH:0
end_of_record
TN:
SF:src/routes/admin.js
FN:14,(anonymous_0)
FN:44,(anonymous_1)
FN:51,(anonymous_2)
FN:55,(anonymous_3)
FN:82,(anonymous_4)
FN:122,(anonymous_5)
FN:161,(anonymous_6)
FN:191,(anonymous_7)
FN:210,(anonymous_8)
FN:225,(anonymous_9)
FN:233,(anonymous_10)
FN:258,(anonymous_11)
FNF:12
FNH:0
FNDA:0,(anonymous_0)
FNDA:0,(anonymous_1)
FNDA:0,(anonymous_2)
FNDA:0,(anonymous_3)
FNDA:0,(anonymous_4)
FNDA:0,(anonymous_5)
FNDA:0,(anonymous_6)
FNDA:0,(anonymous_7)
FNDA:0,(anonymous_8)
FNDA:0,(anonymous_9)
FNDA:0,(anonymous_10)
FNDA:0,(anonymous_11)
DA:6,0
DA:9,0
DA:14,0
DA:15,0
DA:16,0
DA:18,0
DA:20,0
DA:21,0
DA:27,0
DA:28,0
DA:31,0
DA:32,0
DA:35,0
DA:41,0
DA:44,0
DA:45,0
DA:50,0
DA:51,0
DA:52,0
DA:55,0
DA:60,0
DA:71,0
DA:72,0
DA:82,0
DA:83,0
DA:84,0
DA:87,0
DA:88,0
DA:89,0
DA:95,0
DA:105,0
DA:111,0
DA:112,0
DA:122,0
DA:123,0
DA:124,0
DA:126,0
DA:127,0
DA:128,0
DA:134,0
DA:135,0
DA:136,0
DA:137,0
DA:138,0
DA:139,0
DA:140,0
DA:142,0
DA:144,0
DA:150,0
DA:151,0
DA:161,0
DA:162,0
DA:163,0
DA:164,0
DA:165,0
DA:172,0
DA:173,0
DA:175,0
DA:180,0
DA:181,0
DA:191,0
DA:192,0
DA:193,0
DA:194,0
DA:195,0
DA:198,0
DA:206,0
DA:210,0
DA:217,0
DA:223,0
DA:224,0
DA:225,0
DA:232,0
DA:233,0
DA:234,0
DA:236,0
DA:237,0
DA:239,0
DA:240,0
DA:242,0
DA:243,0
DA:245,0
DA:249,0
DA:258,0
DA:267,0
DA:268,0
LF:86
LH:0
BRDA:16,0,0,0
BRDA:16,1,0,0
BRDA:20,2,0,0
BRDA:20,2,1,0
BRDA:27,3,0,0
BRDA:27,3,1,0
BRDA:31,4,0,0
BRDA:31,4,1,0
BRDA:57,5,0,0
BRDA:57,5,1,0
BRDA:88,6,0,0
BRDA:88,6,1,0
BRDA:101,7,0,0
BRDA:101,7,1,0
BRDA:127,8,0,0
BRDA:127,8,1,0
BRDA:134,9,0,0
BRDA:134,9,1,0
BRDA:135,10,0,0
BRDA:135,10,1,0
BRDA:136,11,0,0
BRDA:136,11,1,0
BRDA:137,12,0,0
BRDA:137,12,1,0
BRDA:138,13,0,0
BRDA:138,13,1,0
BRDA:139,14,0,0
BRDA:139,14,1,0
BRDA:140,15,0,0
BRDA:140,15,1,0
BRDA:164,16,0,0
BRDA:164,16,1,0
BRDA:193,17,0,0
BRDA:211,18,0,0
BRDA:211,18,1,0
BRDA:234,19,0,0
BRDA:234,19,1,0
BRDA:234,19,2,0
BRDA:234,19,3,0
BRDA:260,20,0,0
BRDA:260,20,1,0
BRF:41
BRH:0
end_of_record
TN:
SF:src/routes/administration.js
FN:27,(anonymous_0)
FN:39,(anonymous_1)
FN:52,(anonymous_2)
FN:71,(anonymous_3)
FN:108,(anonymous_4)
FN:146,(anonymous_5)
FN:163,(anonymous_6)
FN:183,(anonymous_7)
FN:198,(anonymous_8)
FN:217,(anonymous_9)
FN:257,(anonymous_10)
FN:295,(anonymous_11)
FN:321,(anonymous_12)
FN:350,(anonymous_13)
FN:365,(anonymous_14)
FN:395,(anonymous_15)
FN:428,(anonymous_16)
FN:451,(anonymous_17)
FN:469,(anonymous_18)
FN:491,(anonymous_19)
FN:504,(anonymous_20)
FN:523,(anonymous_21)
FN:542,(anonymous_22)
FN:557,(anonymous_23)
FN:576,(anonymous_24)
FN:603,(anonymous_25)
FN:617,(anonymous_26)
FN:634,(anonymous_27)
FN:671,(anonymous_28)
FN:708,(anonymous_29)
FN:730,(anonymous_30)
FN:746,(anonymous_31)
FN:761,(anonymous_32)
FN:780,(anonymous_33)
FN:796,(anonymous_34)
FN:822,(anonymous_35)
FN:850,(anonymous_36)
FN:865,(anonymous_37)
FN:884,(anonymous_38)
FN:913,(anonymous_39)
FN:931,(anonymous_40)
FNF:41
FNH:0
FNDA:0,(anonymous_0)
FNDA:0,(anonymous_1)
FNDA:0,(anonymous_2)
FNDA:0,(anonymous_3)
FNDA:0,(anonymous_4)
FNDA:0,(anonymous_5)
FNDA:0,(anonymous_6)
FNDA:0,(anonymous_7)
FNDA:0,(anonymous_8)
FNDA:0,(anonymous_9)
FNDA:0,(anonymous_10)
FNDA:0,(anonymous_11)
FNDA:0,(anonymous_12)
FNDA:0,(anonymous_13)
FNDA:0,(anonymous_14)
FNDA:0,(anonymous_15)
FNDA:0,(anonymous_16)
FNDA:0,(anonymous_17)
FNDA:0,(anonymous_18)
FNDA:0,(anonymous_19)
FNDA:0,(anonymous_20)
FNDA:0,(anonymous_21)
FNDA:0,(anonymous_22)
FNDA:0,(anonymous_23)
FNDA:0,(anonymous_24)
FNDA:0,(anonymous_25)
FNDA:0,(anonymous_26)
FNDA:0,(anonymous_27)
FNDA:0,(anonymous_28)
FNDA:0,(anonymous_29)
FNDA:0,(anonymous_30)
FNDA:0,(anonymous_31)
FNDA:0,(anonymous_32)
FNDA:0,(anonymous_33)
FNDA:0,(anonymous_34)
FNDA:0,(anonymous_35)
FNDA:0,(anonymous_36)
FNDA:0,(anonymous_37)
FNDA:0,(anonymous_38)
FNDA:0,(anonymous_39)
FNDA:0,(anonymous_40)
DA:17,0
DA:20,0
DA:27,0
DA:28,0
DA:29,0
DA:31,0
DA:32,0
DA:34,0
DA:39,0
DA:40,0
DA:41,0
DA:42,0
DA:45,0
DA:47,0
DA:52,0
DA:53,0
DA:54,0
DA:60,0
DA:61,0
DA:64,0
DA:66,0
DA:71,0
DA:72,0
DA:73,0
DA:75,0
DA:81,0
DA:82,0
DA:85,0
DA:86,0
DA:90,0
DA:97,0
DA:98,0
DA:99,0
DA:101,0
DA:103,0
DA:108,0
DA:109,0
DA:110,0
DA:112,0
DA:113,0
DA:114,0
DA:132,0
DA:135,0
DA:137,0
DA:146,0
DA:147,0
DA:148,0
DA:150,0
DA:151,0
DA:152,0
DA:154,0
DA:156,0
DA:158,0
DA:163,0
DA:164,0
DA:165,0
DA:172,0
DA:173,0
DA:176,0
DA:178,0
DA:183,0
DA:184,0
DA:185,0
DA:191,0
DA:193,0
DA:198,0
DA:199,0
DA:200,0
DA:206,0
DA:207,0
DA:210,0
DA:212,0
DA:217,0
DA:218,0
DA:219,0
DA:221,0
DA:226,0
DA:227,0
DA:231,0
DA:246,0
DA:248,0
DA:257,0
DA:258,0
DA:259,0
DA:261,0
DA:262,0
DA:263,0
DA:264,0
DA:265,0
DA:266,0
DA:267,0
DA:270,0
DA:277,0
DA:279,0
DA:290,0
DA:295,0
DA:296,0
DA:297,0
DA:310,0
DA:312,0
DA:321,0
DA:322,0
DA:323,0
DA:328,0
DA:330,0
DA:343,0
DA:345,0
DA:350,0
DA:351,0
DA:352,0
DA:358,0
DA:360,0
DA:365,0
DA:366,0
DA:367,0
DA:369,0
DA:384,0
DA:386,0
DA:395,0
DA:396,0
DA:397,0
DA:399,0
DA:405,0
DA:407,0
DA:412,0
DA:417,0
DA:423,0
DA:428,0
DA:429,0
DA:430,0
DA:440,0
DA:441,0
DA:444,0
DA:446,0
DA:451,0
DA:452,0
DA:453,0
DA:462,0
DA:464,0
DA:469,0
DA:470,0
DA:471,0
DA:480,0
DA:482,0
DA:491,0
DA:492,0
DA:493,0
DA:497,0
DA:499,0
DA:504,0
DA:505,0
DA:506,0
DA:512,0
DA:514,0
DA:523,0
DA:524,0
DA:525,0
DA:527,0
DA:528,0
DA:529,0
DA:531,0
DA:535,0
DA:537,0
DA:542,0
DA:543,0
DA:544,0
DA:550,0
DA:552,0
DA:557,0
DA:558,0
DA:559,0
DA:565,0
DA:566,0
DA:569,0
DA:571,0
DA:576,0
DA:577,0
DA:578,0
DA:583,0
DA:584,0
DA:588,0
DA:589,0
DA:592,0
DA:594,0
DA:603,0
DA:604,0
DA:605,0
DA:610,0
DA:612,0
DA:617,0
DA:618,0
DA:619,0
DA:627,0
DA:629,0
DA:634,0
DA:635,0
DA:636,0
DA:643,0
DA:644,0
DA:647,0
DA:648,0
DA:652,0
DA:653,0
DA:654,0
DA:657,0
DA:662,0
DA:671,0
DA:672,0
DA:673,0
DA:675,0
DA:676,0
DA:677,0
DA:678,0
DA:679,0
DA:680,0
DA:681,0
DA:684,0
DA:690,0
DA:692,0
DA:703,0
DA:708,0
DA:709,0
DA:710,0
DA:715,0
DA:716,0
DA:719,0
DA:721,0
DA:730,0
DA:731,0
DA:732,0
DA:739,0
DA:741,0
DA:746,0
DA:747,0
DA:748,0
DA:754,0
DA:756,0
DA:761,0
DA:762,0
DA:763,0
DA:769,0
DA:770,0
DA:773,0
DA:775,0
DA:780,0
DA:781,0
DA:782,0
DA:787,0
DA:788,0
DA:792,0
DA:795,0
DA:796,0
DA:797,0
DA:798,0
DA:800,0
DA:804,0
DA:805,0
DA:807,0
DA:808,0
DA:811,0
DA:813,0
DA:822,0
DA:823,0
DA:824,0
DA:826,0
DA:832,0
DA:833,0
DA:839,0
DA:843,0
DA:845,0
DA:850,0
DA:851,0
DA:852,0
DA:858,0
DA:860,0
DA:865,0
DA:866,0
DA:867,0
DA:873,0
DA:874,0
DA:877,0
DA:879,0
DA:884,0
DA:885,0
DA:886,0
DA:902,0
DA:903,0
DA:906,0
DA:908,0
DA:913,0
DA:914,0
DA:915,0
DA:920,0
DA:922,0
DA:931,0
DA:932,0
DA:939,0
DA:994,0
DA:1005,0
LF:299
LH:0
BRDA:32,0,0,0
BRDA:32,0,1,0
BRDA:40,1,0,0
BRDA:40,1,1,0
BRDA:60,2,0,0
BRDA:60,2,1,0
BRDA:81,3,0,0
BRDA:81,3,1,0
BRDA:85,4,0,0
BRDA:85,4,1,0
BRDA:151,5,0,0
BRDA:151,5,1,0
BRDA:152,6,0,0
BRDA:152,6,1,0
BRDA:172,7,0,0
BRDA:172,7,1,0
BRDA:206,8,0,0
BRDA:206,8,1,0
BRDA:226,9,0,0
BRDA:226,9,1,0
BRDA:237,10,0,0
BRDA:237,10,1,0
BRDA:238,11,0,0
BRDA:238,11,1,0
BRDA:259,12,0,0
BRDA:259,13,0,0
BRDA:262,14,0,0
BRDA:262,14,1,0
BRDA:263,15,0,0
BRDA:263,15,1,0
BRDA:264,16,0,0
BRDA:264,16,1,0
BRDA:264,17,0,0
BRDA:264,17,1,0
BRDA:266,18,0,0
BRDA:266,18,1,0
BRDA:267,19,0,0
BRDA:267,19,1,0
BRDA:328,20,0,0
BRDA:328,20,1,0
BRDA:397,21,0,0
BRDA:397,22,0,0
BRDA:405,23,0,0
BRDA:405,23,1,0
BRDA:440,24,0,0
BRDA:440,24,1,0
BRDA:528,25,0,0
BRDA:528,25,1,0
BRDA:529,26,0,0
BRDA:529,26,1,0
BRDA:565,27,0,0
BRDA:565,27,1,0
BRDA:583,28,0,0
BRDA:583,28,1,0
BRDA:643,29,0,0
BRDA:643,29,1,0
BRDA:647,30,0,0
BRDA:647,30,1,0
BRDA:673,31,0,0
BRDA:673,32,0,0
BRDA:676,33,0,0
BRDA:676,33,1,0
BRDA:677,34,0,0
BRDA:677,34,1,0
BRDA:678,35,0,0
BRDA:678,35,1,0
BRDA:678,36,0,0
BRDA:678,36,1,0
BRDA:680,37,0,0
BRDA:680,37,1,0
BRDA:681,38,0,0
BRDA:681,38,1,0
BRDA:715,39,0,0
BRDA:715,39,1,0
BRDA:769,40,0,0
BRDA:769,40,1,0
BRDA:787,41,0,0
BRDA:787,41,1,0
BRDA:795,42,0,0
BRDA:795,42,1,0
BRDA:795,43,0,0
BRDA:795,43,1,0
BRDA:804,44,0,0
BRDA:804,44,1,0
BRDA:804,45,0,0
BRDA:804,45,1,0
BRDA:804,45,2,0
BRDA:807,46,0,0
BRDA:807,46,1,0
BRDA:807,47,0,0
BRDA:807,47,1,0
BRDA:807,47,2,0
BRDA:832,48,0,0
BRDA:832,48,1,0
BRDA:873,49,0,0
BRDA:873,49,1,0
BRDA:902,50,0,0
BRDA:902,50,1,0
BRF:98
BRH:0
end_of_record
TN:
SF:src/routes/approvals.js
FN:24,(anonymous_0)
FN:45,(anonymous_1)
FN:68,(anonymous_2)
FN:83,(anonymous_3)
FN:102,(anonymous_4)
FN:137,(anonymous_5)
FN:173,(anonymous_6)
FN:193,(anonymous_7)
FN:216,(anonymous_8)
FN:243,(anonymous_9)
FN:271,(anonymous_10)
FN:275,(anonymous_11)
FN:314,(anonymous_12)
FN:346,(anonymous_13)
FN:364,(anonymous_14)
FN:371,(anonymous_15)
FN:416,(anonymous_16)
FN:477,(anonymous_17)
FN:495,(anonymous_18)
FN:497,(anonymous_19)
FN:551,(anonymous_20)
FN:591,(anonymous_21)
FN:631,(anonymous_22)
FN:660,(anonymous_23)
FN:681,(anonymous_24)
FN:683,(anonymous_25)
FN:727,(anonymous_26)
FN:743,(anonymous_27)
FN:762,(anonymous_28)
FN:781,(anonymous_29)
FN:800,(anonymous_30)
FN:824,(anonymous_31)
FN:851,(anonymous_32)
FNF:33
FNH:0
FNDA:0,(anonymous_0)
FNDA:0,(anonymous_1)
FNDA:0,(anonymous_2)
FNDA:0,(anonymous_3)
FNDA:0,(anonymous_4)
FNDA:0,(anonymous_5)
FNDA:0,(anonymous_6)
FNDA:0,(anonymous_7)
FNDA:0,(anonymous_8)
FNDA:0,(anonymous_9)
FNDA:0,(anonymous_10)
FNDA:0,(anonymous_11)
FNDA:0,(anonymous_12)
FNDA:0,(anonymous_13)
FNDA:0,(anonymous_14)
FNDA:0,(anonymous_15)
FNDA:0,(anonymous_16)
FNDA:0,(anonymous_17)
FNDA:0,(anonymous_18)
FNDA:0,(anonymous_19)
FNDA:0,(anonymous_20)
FNDA:0,(anonymous_21)
FNDA:0,(anonymous_22)
FNDA:0,(anonymous_23)
FNDA:0,(anonymous_24)
FNDA:0,(anonymous_25)
FNDA:0,(anonymous_26)
FNDA:0,(anonymous_27)
FNDA:0,(anonymous_28)
FNDA:0,(anonymous_29)
FNDA:0,(anonymous_30)
FNDA:0,(anonymous_31)
FNDA:0,(anonymous_32)
DA:13,0
DA:16,0
DA:17,0
DA:24,0
DA:25,0
DA:26,0
DA:28,0
DA:29,0
DA:30,0
DA:32,0
DA:38,0
DA:40,0
DA:45,0
DA:46,0
DA:47,0
DA:57,0
DA:58,0
DA:61,0
DA:63,0
DA:68,0
DA:69,0
DA:70,0
DA:76,0
DA:78,0
DA:83,0
DA:84,0
DA:85,0
DA:91,0
DA:92,0
DA:95,0
DA:97,0
DA:102,0
DA:103,0
DA:105,0
DA:110,0
DA:111,0
DA:117,0
DA:122,0
DA:123,0
DA:126,0
DA:128,0
DA:137,0
DA:138,0
DA:139,0
DA:141,0
DA:143,0
DA:144,0
DA:145,0
DA:147,0
DA:155,0
DA:157,0
DA:168,0
DA:173,0
DA:174,0
DA:175,0
DA:186,0
DA:188,0
DA:193,0
DA:194,0
DA:195,0
DA:197,0
DA:202,0
DA:204,0
DA:209,0
DA:211,0
DA:216,0
DA:217,0
DA:218,0
DA:232,0
DA:233,0
DA:236,0
DA:238,0
DA:243,0
DA:244,0
DA:257,0
DA:260,0
DA:266,0
DA:267,0
DA:271,0
DA:275,0
DA:283,0
DA:314,0
DA:315,0
DA:316,0
DA:334,0
DA:335,0
DA:336,0
DA:339,0
DA:341,0
DA:346,0
DA:347,0
DA:348,0
DA:350,0
DA:355,0
DA:356,0
DA:359,0
DA:360,0
DA:364,0
DA:365,0
DA:366,0
DA:370,0
DA:371,0
DA:374,0
DA:375,0
DA:378,0
DA:379,0
DA:383,0
DA:384,0
DA:385,0
DA:386,0
DA:387,0
DA:389,0
DA:392,0
DA:403,0
DA:406,0
DA:407,0
DA:408,0
DA:411,0
DA:412,0
DA:413,0
DA:416,0
DA:417,0
DA:418,0
DA:419,0
DA:420,0
DA:439,0
DA:440,0
DA:442,0
DA:452,0
DA:455,0
DA:465,0
DA:466,0
DA:467,0
DA:470,0
DA:472,0
DA:477,0
DA:478,0
DA:479,0
DA:481,0
DA:482,0
DA:485,0
DA:490,0
DA:491,0
DA:495,0
DA:496,0
DA:497,0
DA:500,0
DA:501,0
DA:504,0
DA:505,0
DA:506,0
DA:507,0
DA:509,0
DA:510,0
DA:512,0
DA:513,0
DA:514,0
DA:515,0
DA:517,0
DA:526,0
DA:529,0
DA:539,0
DA:540,0
DA:541,0
DA:544,0
DA:546,0
DA:551,0
DA:552,0
DA:553,0
DA:555,0
DA:556,0
DA:559,0
DA:564,0
DA:565,0
DA:568,0
DA:569,0
DA:570,0
DA:571,0
DA:573,0
DA:582,0
DA:584,0
DA:586,0
DA:591,0
DA:592,0
DA:593,0
DA:595,0
DA:601,0
DA:602,0
DA:605,0
DA:606,0
DA:609,0
DA:610,0
DA:611,0
DA:612,0
DA:614,0
DA:622,0
DA:624,0
DA:626,0
DA:631,0
DA:632,0
DA:633,0
DA:635,0
DA:649,0
DA:650,0
DA:653,0
DA:655,0
DA:660,0
DA:661,0
DA:662,0
DA:664,0
DA:669,0
DA:670,0
DA:671,0
DA:676,0
DA:677,0
DA:678,0
DA:681,0
DA:682,0
DA:683,0
DA:686,0
DA:687,0
DA:688,0
DA:691,0
DA:692,0
DA:693,0
DA:694,0
DA:695,0
DA:698,0
DA:699,0
DA:700,0
DA:701,0
DA:702,0
DA:704,0
DA:705,0
DA:709,0
DA:710,0
DA:712,0
DA:716,0
DA:718,0
DA:727,0
DA:728,0
DA:729,0
DA:736,0
DA:738,0
DA:743,0
DA:744,0
DA:745,0
DA:751,0
DA:753,0
DA:762,0
DA:763,0
DA:764,0
DA:774,0
DA:776,0
DA:781,0
DA:782,0
DA:783,0
DA:789,0
DA:791,0
DA:800,0
DA:801,0
DA:802,0
DA:813,0
DA:814,0
DA:817,0
DA:819,0
DA:824,0
DA:825,0
DA:826,0
DA:840,0
DA:842,0
DA:851,0
DA:852,0
DA:853,0
DA:855,0
DA:856,0
DA:857,0
DA:858,0
DA:859,0
DA:862,0
DA:930,0
DA:940,0
LF:282
LH:0
BRDA:26,0,0,0
BRDA:29,1,0,0
BRDA:29,1,1,0
BRDA:30,2,0,0
BRDA:30,2,1,0
BRDA:57,3,0,0
BRDA:57,3,1,0
BRDA:91,4,0,0
BRDA:91,4,1,0
BRDA:110,5,0,0
BRDA:110,5,1,0
BRDA:122,6,0,0
BRDA:122,6,1,0
BRDA:139,7,0,0
BRDA:139,8,0,0
BRDA:143,9,0,0
BRDA:143,9,1,0
BRDA:144,10,0,0
BRDA:144,10,1,0
BRDA:145,11,0,0
BRDA:145,11,1,0
BRDA:202,12,0,0
BRDA:202,12,1,0
BRDA:232,13,0,0
BRDA:232,13,1,0
BRDA:266,14,0,0
BRDA:266,14,1,0
BRDA:274,15,0,0
BRDA:274,15,1,0
BRDA:276,16,0,0
BRDA:276,16,1,0
BRDA:279,17,0,0
BRDA:279,17,1,0
BRDA:297,18,0,0
BRDA:297,18,1,0
BRDA:335,19,0,0
BRDA:335,19,1,0
BRDA:355,20,0,0
BRDA:355,20,1,0
BRDA:359,21,0,0
BRDA:359,21,1,0
BRDA:359,22,0,0
BRDA:359,22,1,0
BRDA:365,23,0,0
BRDA:365,23,1,0
BRDA:374,24,0,0
BRDA:374,24,1,0
BRDA:378,25,0,0
BRDA:378,25,1,0
BRDA:403,26,0,0
BRDA:403,26,1,0
BRDA:406,27,0,0
BRDA:406,27,1,0
BRDA:411,28,0,0
BRDA:411,28,1,0
BRDA:417,29,0,0
BRDA:417,29,1,0
BRDA:466,30,0,0
BRDA:466,30,1,0
BRDA:481,31,0,0
BRDA:481,31,1,0
BRDA:490,32,0,0
BRDA:490,32,1,0
BRDA:500,33,0,0
BRDA:500,33,1,0
BRDA:540,34,0,0
BRDA:540,34,1,0
BRDA:555,35,0,0
BRDA:555,35,1,0
BRDA:564,36,0,0
BRDA:564,36,1,0
BRDA:601,37,0,0
BRDA:601,37,1,0
BRDA:605,38,0,0
BRDA:605,38,1,0
BRDA:642,39,0,0
BRDA:642,39,1,0
BRDA:649,40,0,0
BRDA:649,40,1,0
BRDA:676,41,0,0
BRDA:676,41,1,0
BRDA:686,42,0,0
BRDA:686,42,1,0
BRDA:686,43,0,0
BRDA:686,43,1,0
BRDA:698,44,0,0
BRDA:698,44,1,0
BRDA:698,45,0,0
BRDA:698,45,1,0
BRDA:700,46,0,0
BRDA:700,46,1,0
BRDA:813,47,0,0
BRDA:813,47,1,0
BRDA:856,48,0,0
BRDA:856,48,1,0
BRDA:857,49,0,0
BRDA:857,49,1,0
BRDA:858,50,0,0
BRDA:858,50,1,0
BRDA:935,51,0,0
BRDA:935,51,1,0
BRF:101
BRH:0
end_of_record
TN:
SF:src/routes/assets.js
FN:21,(anonymous_0)
FN:47,(anonymous_1)
FN:62,(anonymous_2)
FN:75,(anonymous_3)
FN:95,(anonymous_4)
FN:127,(anonymous_5)
FN:260,(anonymous_6)
FN:299,(anonymous_7)
FN:326,(anonymous_8)
FN:352,generateDepreciationSchedule
FN:419,(anonymous_10)
FN:432,(anonymous_11)
FN:488,(anonymous_12)
FN:515,(anonymous_13)
FN:537,(anonymous_14)
FN:572,(anonymous_15)
FN:595,(anonymous_16)
FN:624,(anonymous_17)
FN:646,(anonymous_18)
FN:692,(anonymous_19)
FN:711,(anonymous_20)
FN:732,(anonymous_21)
FN:761,(anonymous_22)
FN:804,(anonymous_23)
FN:825,(anonymous_24)
FN:838,(anonymous_25)
FN:852,(anonymous_26)
FN:862,(anonymous_27)
FN:920,(anonymous_28)
FN:941,(anonymous_29)
FN:957,(anonymous_30)
FN:978,(anonymous_31)
FN:1008,(anonymous_32)
FN:1051,(anonymous_33)
FN:1069,(anonymous_34)
FN:1070,(anonymous_35)
FN:1071,(anonymous_36)
FN:1080,(anonymous_37)
FNF:38
FNH:0
FNDA:0,(anonymous_0)
FNDA:0,(anonymous_1)
FNDA:0,(anonymous_2)
FNDA:0,(anonymous_3)
FNDA:0,(anonymous_4)
FNDA:0,(anonymous_5)
FNDA:0,(anonymous_6)
FNDA:0,(anonymous_7)
FNDA:0,(anonymous_8)
FNDA:0,generateDepreciationSchedule
FNDA:0,(anonymous_10)
FNDA:0,(anonymous_11)
FNDA:0,(anonymous_12)
FNDA:0,(anonymous_13)
FNDA:0,(anonymous_14)
FNDA:0,(anonymous_15)
FNDA:0,(anonymous_16)
FNDA:0,(anonymous_17)
FNDA:0,(anonymous_18)
FNDA:0,(anonymous_19)
FNDA:0,(anonymous_20)
FNDA:0,(anonymous_21)
FNDA:0,(anonymous_22)
FNDA:0,(anonymous_23)
FNDA:0,(anonymous_24)
FNDA:0,(anonymous_25)
FNDA:0,(anonymous_26)
FNDA:0,(anonymous_27)
FNDA:0,(anonymous_28)
FNDA:0,(anonymous_29)
FNDA:0,(anonymous_30)
FNDA:0,(anonymous_31)
FNDA:0,(anonymous_32)
FNDA:0,(anonymous_33)
FNDA:0,(anonymous_34)
FNDA:0,(anonymous_35)
FNDA:0,(anonymous_36)
FNDA:0,(anonymous_37)
DA:15,0
DA:17,0
DA:18,0
DA:21,0
DA:22,0
DA:23,0
DA:41,0
DA:47,0
DA:48,0
DA:49,0
DA:56,0
DA:58,0
DA:62,0
DA:63,0
DA:64,0
DA:69,0
DA:71,0
DA:75,0
DA:76,0
DA:77,0
DA:83,0
DA:84,0
DA:87,0
DA:89,0
DA:95,0
DA:96,0
DA:97,0
DA:98,0
DA:100,0
DA:101,0
DA:102,0
DA:103,0
DA:104,0
DA:105,0
DA:106,0
DA:114,0
DA:121,0
DA:123,0
DA:127,0
DA:128,0
DA:136,0
DA:244,0
DA:256,0
DA:260,0
DA:261,0
DA:262,0
DA:274,0
DA:275,0
DA:279,0
DA:285,0
DA:295,0
DA:299,0
DA:300,0
DA:301,0
DA:308,0
DA:309,0
DA:312,0
DA:316,0
DA:320,0
DA:322,0
DA:326,0
DA:327,0
DA:328,0
DA:329,0
DA:330,0
DA:333,0
DA:339,0
DA:344,0
DA:346,0
DA:353,0
DA:354,0
DA:355,0
DA:359,0
DA:365,0
DA:367,0
DA:368,0
DA:369,0
DA:371,0
DA:373,0
DA:375,0
DA:376,0
DA:379,0
DA:380,0
DA:382,0
DA:383,0
DA:384,0
DA:385,0
DA:389,0
DA:390,0
DA:393,0
DA:395,0
DA:396,0
DA:398,0
DA:411,0
DA:414,0
DA:415,0
DA:419,0
DA:420,0
DA:421,0
DA:426,0
DA:428,0
DA:432,0
DA:433,0
DA:434,0
DA:437,0
DA:444,0
DA:445,0
DA:447,0
DA:449,0
DA:450,0
DA:452,0
DA:453,0
DA:454,0
DA:455,0
DA:458,0
DA:459,0
DA:460,0
DA:461,0
DA:463,0
DA:469,0
DA:470,0
DA:473,0
DA:482,0
DA:488,0
DA:489,0
DA:490,0
DA:491,0
DA:493,0
DA:494,0
DA:495,0
DA:496,0
DA:497,0
DA:498,0
DA:499,0
DA:500,0
DA:503,0
DA:509,0
DA:511,0
DA:515,0
DA:516,0
DA:517,0
DA:524,0
DA:525,0
DA:528,0
DA:529,0
DA:531,0
DA:533,0
DA:537,0
DA:538,0
DA:539,0
DA:545,0
DA:546,0
DA:550,0
DA:551,0
DA:557,0
DA:558,0
DA:561,0
DA:564,0
DA:566,0
DA:572,0
DA:573,0
DA:574,0
DA:575,0
DA:577,0
DA:578,0
DA:580,0
DA:589,0
DA:591,0
DA:595,0
DA:596,0
DA:597,0
DA:598,0
DA:599,0
DA:602,0
DA:613,0
DA:618,0
DA:620,0
DA:624,0
DA:625,0
DA:626,0
DA:636,0
DA:637,0
DA:640,0
DA:642,0
DA:646,0
DA:647,0
DA:648,0
DA:654,0
DA:655,0
DA:659,0
DA:672,0
DA:673,0
DA:674,0
DA:675,0
DA:677,0
DA:684,0
DA:686,0
DA:692,0
DA:693,0
DA:694,0
DA:695,0
DA:697,0
DA:698,0
DA:700,0
DA:705,0
DA:707,0
DA:711,0
DA:712,0
DA:713,0
DA:714,0
DA:715,0
DA:718,0
DA:726,0
DA:728,0
DA:732,0
DA:733,0
DA:734,0
DA:740,0
DA:741,0
DA:744,0
DA:752,0
DA:753,0
DA:755,0
DA:757,0
DA:761,0
DA:762,0
DA:763,0
DA:769,0
DA:770,0
DA:774,0
DA:787,0
DA:788,0
DA:789,0
DA:791,0
DA:796,0
DA:798,0
DA:804,0
DA:805,0
DA:806,0
DA:807,0
DA:809,0
DA:810,0
DA:812,0
DA:819,0
DA:821,0
DA:825,0
DA:826,0
DA:828,0
DA:830,0
DA:831,0
DA:832,0
DA:833,0
DA:836,0
DA:838,0
DA:847,0
DA:852,0
DA:856,0
DA:858,0
DA:862,0
DA:863,0
DA:864,0
DA:866,0
DA:872,0
DA:873,0
DA:876,0
DA:877,0
DA:878,0
DA:881,0
DA:882,0
DA:883,0
DA:884,0
DA:885,0
DA:886,0
DA:887,0
DA:888,0
DA:891,0
DA:892,0
DA:893,0
DA:894,0
DA:899,0
DA:900,0
DA:901,0
DA:902,0
DA:905,0
DA:907,0
DA:908,0
DA:909,0
DA:912,0
DA:914,0
DA:916,0
DA:920,0
DA:921,0
DA:922,0
DA:928,0
DA:929,0
DA:932,0
DA:933,0
DA:934,0
DA:935,0
DA:936,0
DA:937,0
DA:938,0
DA:941,0
DA:942,0
DA:949,0
DA:951,0
DA:957,0
DA:958,0
DA:959,0
DA:960,0
DA:962,0
DA:963,0
DA:964,0
DA:966,0
DA:972,0
DA:974,0
DA:978,0
DA:979,0
DA:980,0
DA:981,0
DA:982,0
DA:985,0
DA:994,0
DA:995,0
DA:996,0
DA:998,0
DA:1002,0
DA:1004,0
DA:1008,0
DA:1009,0
DA:1010,0
DA:1016,0
DA:1017,0
DA:1020,0
DA:1021,0
DA:1022,0
DA:1023,0
DA:1024,0
DA:1025,0
DA:1028,0
DA:1038,0
DA:1043,0
DA:1045,0
DA:1051,0
DA:1052,0
DA:1053,0
DA:1054,0
DA:1056,0
DA:1057,0
DA:1058,0
DA:1060,0
DA:1067,0
DA:1069,0
DA:1070,0
DA:1071,0
DA:1074,0
DA:1076,0
DA:1080,0
DA:1081,0
DA:1082,0
DA:1083,0
DA:1085,0
DA:1102,0
DA:1119,0
DA:1128,0
LF:365
LH:0
BRDA:21,0,0,0
BRDA:21,1,0,0
BRDA:83,2,0,0
BRDA:83,2,1,0
BRDA:100,3,0,0
BRDA:100,3,1,0
BRDA:101,4,0,0
BRDA:101,4,1,0
BRDA:102,5,0,0
BRDA:102,5,1,0
BRDA:103,6,0,0
BRDA:103,6,1,0
BRDA:104,7,0,0
BRDA:104,7,1,0
BRDA:105,8,0,0
BRDA:105,8,1,0
BRDA:250,9,0,0
BRDA:250,9,1,0
BRDA:274,10,0,0
BRDA:274,10,1,0
BRDA:308,11,0,0
BRDA:308,11,1,0
BRDA:308,12,0,0
BRDA:308,12,1,0
BRDA:329,13,0,0
BRDA:329,13,1,0
BRDA:355,14,0,0
BRDA:355,14,1,0
BRDA:359,15,0,0
BRDA:359,15,1,0
BRDA:361,16,0,0
BRDA:361,16,1,0
BRDA:365,17,0,0
BRDA:365,17,1,0
BRDA:373,18,0,0
BRDA:373,18,1,0
BRDA:373,18,2,0
BRDA:373,18,3,0
BRDA:389,19,0,0
BRDA:389,19,1,0
BRDA:393,20,0,0
BRDA:393,20,1,0
BRDA:414,21,0,0
BRDA:414,21,1,0
BRDA:493,22,0,0
BRDA:493,22,1,0
BRDA:494,23,0,0
BRDA:494,23,1,0
BRDA:495,24,0,0
BRDA:495,24,1,0
BRDA:496,25,0,0
BRDA:496,25,1,0
BRDA:497,26,0,0
BRDA:497,26,1,0
BRDA:497,27,0,0
BRDA:497,27,1,0
BRDA:499,28,0,0
BRDA:499,28,1,0
BRDA:500,29,0,0
BRDA:500,29,1,0
BRDA:524,30,0,0
BRDA:524,30,1,0
BRDA:545,31,0,0
BRDA:545,31,1,0
BRDA:550,32,0,0
BRDA:550,32,1,0
BRDA:553,33,0,0
BRDA:553,33,1,0
BRDA:554,34,0,0
BRDA:554,34,1,0
BRDA:557,35,0,0
BRDA:557,35,1,0
BRDA:577,36,0,0
BRDA:577,36,1,0
BRDA:578,37,0,0
BRDA:578,37,1,0
BRDA:598,38,0,0
BRDA:598,38,1,0
BRDA:636,39,0,0
BRDA:636,39,1,0
BRDA:654,40,0,0
BRDA:654,40,1,0
BRDA:697,41,0,0
BRDA:697,41,1,0
BRDA:698,42,0,0
BRDA:698,42,1,0
BRDA:714,43,0,0
BRDA:714,43,1,0
BRDA:740,44,0,0
BRDA:740,44,1,0
BRDA:769,45,0,0
BRDA:769,45,1,0
BRDA:778,46,0,0
BRDA:778,46,1,0
BRDA:809,47,0,0
BRDA:809,47,1,0
BRDA:810,48,0,0
BRDA:810,48,1,0
BRDA:830,49,0,0
BRDA:830,49,1,0
BRDA:831,50,0,0
BRDA:831,50,1,0
BRDA:832,51,0,0
BRDA:832,51,1,0
BRDA:832,52,0,0
BRDA:832,52,1,0
BRDA:852,53,0,0
BRDA:852,53,1,0
BRDA:872,54,0,0
BRDA:872,54,1,0
BRDA:877,55,0,0
BRDA:877,55,1,0
BRDA:883,56,0,0
BRDA:883,56,1,0
BRDA:891,57,0,0
BRDA:891,57,1,0
BRDA:894,58,0,0
BRDA:894,58,1,0
BRDA:895,59,0,0
BRDA:895,59,1,0
BRDA:895,59,2,0
BRDA:900,60,0,0
BRDA:900,60,1,0
BRDA:901,61,0,0
BRDA:901,61,1,0
BRDA:905,62,0,0
BRDA:905,62,1,0
BRDA:907,63,0,0
BRDA:907,63,1,0
BRDA:928,64,0,0
BRDA:928,64,1,0
BRDA:941,65,0,0
BRDA:941,65,1,0
BRDA:962,66,0,0
BRDA:962,66,1,0
BRDA:963,67,0,0
BRDA:963,67,1,0
BRDA:964,68,0,0
BRDA:964,68,1,0
BRDA:981,69,0,0
BRDA:981,69,1,0
BRDA:1016,70,0,0
BRDA:1016,70,1,0
BRDA:1056,71,0,0
BRDA:1056,71,1,0
BRDA:1057,72,0,0
BRDA:1057,72,1,0
BRDA:1058,73,0,0
BRDA:1058,73,1,0
BRDA:1083,74,0,0
BRDA:1083,74,1,0
BRDA:1123,75,0,0
BRDA:1123,75,1,0
BRF:153
BRH:0
end_of_record
TN:
SF:src/routes/attendance.js
FN:13,(anonymous_0)
FN:25,(anonymous_1)
FN:40,(anonymous_2)
FN:52,(anonymous_3)
FN:170,(anonymous_4)
FN:268,(anonymous_5)
FN:306,(anonymous_6)
FN:362,(anonymous_7)
FN:395,(anonymous_8)
FN:429,(anonymous_9)
FN:449,(anonymous_10)
FN:503,(anonymous_11)
FN:579,(anonymous_12)
FN:596,(anonymous_13)
FNF:14
FNH:0
FNDA:0,(anonymous_0)
FNDA:0,(anonymous_1)
FNDA:0,(anonymous_2)
FNDA:0,(anonymous_3)
FNDA:0,(anonymous_4)
FNDA:0,(anonymous_5)
FNDA:0,(anonymous_6)
FNDA:0,(anonymous_7)
FNDA:0,(anonymous_8)
FNDA:0,(anonymous_9)
FNDA:0,(anonymous_10)
FNDA:0,(anonymous_11)
FNDA:0,(anonymous_12)
FNDA:0,(anonymous_13)
DA:10,1
DA:13,1
DA:14,0
DA:15,0
DA:16,0
DA:21,0
DA:25,1
DA:26,0
DA:27,0
DA:28,0
DA:29,0
DA:30,0
DA:32,0
DA:34,0
DA:36,0
DA:40,1
DA:41,0
DA:42,0
DA:43,0
DA:49,1
DA:53,0
DA:54,0
DA:57,0
DA:62,0
DA:63,0
DA:69,0
DA:72,0
DA:78,0
DA:79,0
DA:87,0
DA:88,0
DA:90,0
DA:91,0
DA:92,0
DA:93,0
DA:95,0
DA:96,0
DA:104,0
DA:105,0
DA:106,0
DA:107,0
DA:108,0
DA:110,0
DA:111,0
DA:113,0
DA:114,0
DA:117,0
DA:144,0
DA:145,0
DA:147,0
DA:150,0
DA:156,0
DA:157,0
DA:167,1
DA:171,0
DA:172,0
DA:174,0
DA:179,0
DA:180,0
DA:186,0
DA:188,0
DA:194,0
DA:195,0
DA:201,0
DA:202,0
DA:210,0
DA:211,0
DA:212,0
DA:213,0
DA:214,0
DA:216,0
DA:217,0
DA:220,0
DA:221,0
DA:223,0
DA:224,0
DA:225,0
DA:226,0
DA:229,0
DA:240,0
DA:241,0
DA:243,0
DA:244,0
DA:245,0
DA:246,0
DA:249,0
DA:251,0
DA:257,0
DA:258,0
DA:268,1
DA:269,0
DA:270,0
DA:275,0
DA:276,0
DA:282,0
DA:284,0
DA:290,0
DA:295,0
DA:296,0
DA:306,1
DA:307,0
DA:308,0
DA:310,0
DA:315,0
DA:316,0
DA:322,0
DA:327,0
DA:328,0
DA:329,0
DA:330,0
DA:333,0
DA:338,0
DA:340,0
DA:351,0
DA:352,0
DA:362,1
DA:363,0
DA:374,0
DA:376,0
DA:378,0
DA:379,0
DA:380,0
DA:381,0
DA:382,0
DA:383,0
DA:384,0
DA:385,0
DA:388,0
DA:389,0
DA:390,0
DA:393,0
DA:394,0
DA:395,0
DA:398,0
DA:405,0
DA:407,0
DA:418,0
DA:419,0
DA:429,1
DA:430,0
DA:431,0
DA:433,0
DA:434,0
DA:436,0
DA:437,0
DA:439,0
DA:444,0
DA:447,0
DA:448,0
DA:449,0
DA:452,0
DA:464,0
DA:479,0
DA:488,0
DA:489,0
DA:499,1
DA:504,0
DA:505,0
DA:507,0
DA:512,0
DA:513,0
DA:519,0
DA:520,0
DA:523,0
DA:529,0
DA:530,0
DA:536,0
DA:562,0
DA:568,0
DA:569,0
DA:579,1
DA:580,0
DA:581,0
DA:586,0
DA:587,0
DA:593,0
DA:594,0
DA:596,0
DA:597,0
DA:598,0
DA:603,0
DA:604,0
DA:613,0
DA:619,0
DA:625,0
DA:626,0
LF:186
LH:12
BRDA:15,0,0,0
BRDA:15,0,1,0
BRDA:54,1,0,0
BRDA:62,2,0,0
BRDA:62,2,1,0
BRDA:78,3,0,0
BRDA:78,3,1,0
BRDA:90,4,0,0
BRDA:90,4,1,0
BRDA:90,5,0,0
BRDA:90,5,1,0
BRDA:90,5,2,0
BRDA:95,6,0,0
BRDA:95,6,1,0
BRDA:105,7,0,0
BRDA:105,7,1,0
BRDA:114,8,0,0
BRDA:114,8,1,0
BRDA:124,9,0,0
BRDA:124,9,1,0
BRDA:124,10,0,0
BRDA:124,10,1,0
BRDA:135,11,0,0
BRDA:135,11,1,0
BRDA:136,12,0,0
BRDA:136,12,1,0
BRDA:140,13,0,0
BRDA:140,13,1,0
BRDA:144,14,0,0
BRDA:144,14,1,0
BRDA:152,15,0,0
BRDA:152,15,1,0
BRDA:172,16,0,0
BRDA:179,17,0,0
BRDA:179,17,1,0
BRDA:194,18,0,0
BRDA:194,18,1,0
BRDA:201,19,0,0
BRDA:201,19,1,0
BRDA:211,20,0,0
BRDA:211,20,1,0
BRDA:217,21,0,0
BRDA:217,21,1,0
BRDA:223,22,0,0
BRDA:223,22,1,0
BRDA:223,23,0,0
BRDA:223,23,1,0
BRDA:223,23,2,0
BRDA:231,24,0,0
BRDA:231,24,1,0
BRDA:231,25,0,0
BRDA:231,25,1,0
BRDA:243,26,0,0
BRDA:243,26,1,0
BRDA:243,27,0,0
BRDA:243,27,1,0
BRDA:245,28,0,0
BRDA:245,28,1,0
BRDA:253,29,0,0
BRDA:253,29,1,0
BRDA:275,30,0,0
BRDA:275,30,1,0
BRDA:308,31,0,0
BRDA:308,32,0,0
BRDA:315,33,0,0
BRDA:315,33,1,0
BRDA:327,34,0,0
BRDA:327,34,1,0
BRDA:327,35,0,0
BRDA:327,35,1,0
BRDA:329,36,0,0
BRDA:329,36,1,0
BRDA:330,37,0,0
BRDA:330,37,1,0
BRDA:372,38,0,0
BRDA:373,39,0,0
BRDA:378,40,0,0
BRDA:378,40,1,0
BRDA:382,41,0,0
BRDA:382,41,1,0
BRDA:382,42,0,0
BRDA:382,42,1,0
BRDA:384,43,0,0
BRDA:384,43,1,0
BRDA:385,44,0,0
BRDA:385,44,1,0
BRDA:388,45,0,0
BRDA:388,45,1,0
BRDA:389,46,0,0
BRDA:389,46,1,0
BRDA:390,47,0,0
BRDA:390,47,1,0
BRDA:393,48,0,0
BRDA:393,48,1,0
BRDA:433,49,0,0
BRDA:433,49,1,0
BRDA:434,50,0,0
BRDA:434,50,1,0
BRDA:444,51,0,0
BRDA:444,51,1,0
BRDA:447,52,0,0
BRDA:447,52,1,0
BRDA:512,53,0,0
BRDA:512,53,1,0
BRDA:529,54,0,0
BRDA:529,54,1,0
BRDA:545,55,0,0
BRDA:545,55,1,0
BRDA:549,56,0,0
BRDA:549,56,1,0
BRDA:552,57,0,0
BRDA:552,57,1,0
BRDA:586,58,0,0
BRDA:586,58,1,0
BRDA:597,59,0,0
BRDA:597,59,1,0
BRDA:603,60,0,0
BRDA:603,60,1,0
BRDA:603,61,0,0
BRDA:603,61,1,0
BRDA:606,62,0,0
BRDA:606,62,1,0
BRF:122
BRH:0
end_of_record
TN:
SF:src/routes/auth.js
FN:10,(anonymous_0)
FN:30,(anonymous_1)
FN:128,(anonymous_2)
FN:217,(anonymous_3)
FN:246,(anonymous_4)
FN:264,(anonymous_5)
FN:297,(anonymous_6)
FN:331,(anonymous_7)
FNF:8
FNH:7
FNDA:45,(anonymous_0)
FNDA:10,(anonymous_1)
FNDA:20,(anonymous_2)
FNDA:1,(anonymous_3)
FNDA:1,(anonymous_4)
FNDA:4,(anonymous_5)
FNDA:1,(anonymous_6)
FNDA:0,(anonymous_7)
DA:7,3
DA:10,3
DA:11,45
DA:12,45
DA:13,11
DA:18,34
DA:24,3
DA:31,10
DA:32,10
DA:35,10
DA:36,10
DA:37,1
DA:44,9
DA:50,9
DA:51,9
DA:52,9
DA:53,1
DA:54,1
DA:58,9
DA:75,9
DA:87,9
DA:88,9
DA:91,9
DA:93,9
DA:114,0
DA:115,0
DA:125,3
DA:129,20
DA:130,20
DA:133,20
DA:137,20
DA:138,6
DA:145,14
DA:146,14
DA:147,2
DA:154,12
DA:155,1
DA:162,11
DA:163,1
DA:170,10
DA:171,10
DA:174,10
DA:177,10
DA:184,10
DA:206,0
DA:207,0
DA:217,3
DA:218,1
DA:219,1
DA:230,1
DA:235,0
DA:236,0
DA:246,3
DA:247,1
DA:252,1
DA:261,3
DA:265,4
DA:266,4
DA:268,4
DA:270,4
DA:271,4
DA:272,1
DA:278,3
DA:279,3
DA:281,3
DA:286,0
DA:287,0
DA:297,3
DA:298,1
DA:299,1
DA:301,1
DA:314,1
DA:320,0
DA:321,0
DA:331,3
DA:332,0
DA:333,0
DA:335,0
DA:341,0
DA:347,0
DA:348,0
LF:81
LH:65
BRDA:12,0,0,11
BRDA:12,0,1,34
BRDA:36,1,0,1
BRDA:36,1,1,9
BRDA:137,2,0,6
BRDA:137,2,1,14
BRDA:146,3,0,2
BRDA:146,3,1,12
BRDA:154,4,0,1
BRDA:154,4,1,11
BRDA:162,5,0,1
BRDA:162,5,1,10
BRDA:162,6,0,11
BRDA:162,6,1,11
BRDA:162,6,2,11
BRDA:196,7,0,10
BRDA:196,7,1,0
BRDA:271,8,0,1
BRDA:271,8,1,3
BRF:19
BRH:18
end_of_record
TN:
SF:src/routes/benefits.js
FN:14,(anonymous_0)
FN:30,(anonymous_1)
FN:45,(anonymous_2)
FN:64,(anonymous_3)
FN:85,(anonymous_4)
FN:105,(anonymous_5)
FN:124,(anonymous_6)
FN:138,(anonymous_7)
FN:189,(anonymous_8)
FN:222,(anonymous_9)
FN:245,(anonymous_10)
FN:268,(anonymous_11)
FNF:12
FNH:0
FNDA:0,(anonymous_0)
FNDA:0,(anonymous_1)
FNDA:0,(anonymous_2)
FNDA:0,(anonymous_3)
FNDA:0,(anonymous_4)
FNDA:0,(anonymous_5)
FNDA:0,(anonymous_6)
FNDA:0,(anonymous_7)
FNDA:0,(anonymous_8)
FNDA:0,(anonymous_9)
FNDA:0,(anonymous_10)
FNDA:0,(anonymous_11)
DA:6,0
DA:8,0
DA:9,0
DA:14,0
DA:15,0
DA:16,0
DA:23,0
DA:25,0
DA:30,0
DA:31,0
DA:32,0
DA:38,0
DA:40,0
DA:45,0
DA:46,0
DA:47,0
DA:53,0
DA:54,0
DA:57,0
DA:59,0
DA:64,0
DA:65,0
DA:66,0
DA:72,0
DA:73,0
DA:76,0
DA:78,0
DA:85,0
DA:86,0
DA:87,0
DA:88,0
DA:90,0
DA:91,0
DA:93,0
DA:98,0
DA:100,0
DA:105,0
DA:106,0
DA:107,0
DA:108,0
DA:109,0
DA:112,0
DA:117,0
DA:119,0
DA:124,0
DA:125,0
DA:126,0
DA:131,0
DA:133,0
DA:138,0
DA:139,0
DA:140,0
DA:141,0
DA:142,0
DA:145,0
DA:151,0
DA:152,0
DA:156,0
DA:163,0
DA:164,0
DA:167,0
DA:182,0
DA:184,0
DA:189,0
DA:190,0
DA:191,0
DA:196,0
DA:197,0
DA:200,0
DA:215,0
DA:217,0
DA:222,0
DA:223,0
DA:224,0
DA:234,0
DA:235,0
DA:238,0
DA:240,0
DA:245,0
DA:246,0
DA:247,0
DA:257,0
DA:258,0
DA:261,0
DA:263,0
DA:268,0
DA:269,0
DA:270,0
DA:291,0
DA:299,0
LF:90
LH:0
BRDA:53,0,0,0
BRDA:53,0,1,0
BRDA:72,1,0,0
BRDA:72,1,1,0
BRDA:90,2,0,0
BRDA:90,2,1,0
BRDA:91,3,0,0
BRDA:91,3,1,0
BRDA:108,4,0,0
BRDA:108,4,1,0
BRDA:141,5,0,0
BRDA:141,5,1,0
BRDA:151,6,0,0
BRDA:151,6,1,0
BRDA:163,7,0,0
BRDA:163,7,1,0
BRDA:172,8,0,0
BRDA:172,8,1,0
BRDA:196,9,0,0
BRDA:196,9,1,0
BRDA:210,10,0,0
BRDA:210,10,1,0
BRDA:234,11,0,0
BRDA:234,11,1,0
BRDA:251,12,0,0
BRDA:251,12,1,0
BRDA:257,13,0,0
BRDA:257,13,1,0
BRF:28
BRH:0
end_of_record
TN:
SF:src/routes/bills.js
FN:12,(anonymous_0)
FN:25,(anonymous_1)
FN:42,(anonymous_2)
FN:56,(anonymous_3)
FN:76,(anonymous_4)
FN:100,(anonymous_5)
FN:121,(anonymous_6)
FN:135,(anonymous_7)
FN:156,(anonymous_8)
FN:178,(anonymous_9)
FN:209,(anonymous_10)
FN:229,(anonymous_11)
FN:251,(anonymous_12)
FN:265,(anonymous_13)
FN:287,(anonymous_14)
FN:308,(anonymous_15)
FN:310,(anonymous_16)
FN:311,(anonymous_17)
FN:324,(anonymous_18)
FNF:19
FNH:0
FNDA:0,(anonymous_0)
FNDA:0,(anonymous_1)
FNDA:0,(anonymous_2)
FNDA:0,(anonymous_3)
FNDA:0,(anonymous_4)
FNDA:0,(anonymous_5)
FNDA:0,(anonymous_6)
FNDA:0,(anonymous_7)
FNDA:0,(anonymous_8)
FNDA:0,(anonymous_9)
FNDA:0,(anonymous_10)
FNDA:0,(anonymous_11)
FNDA:0,(anonymous_12)
FNDA:0,(anonymous_13)
FNDA:0,(anonymous_14)
FNDA:0,(anonymous_15)
FNDA:0,(anonymous_16)
FNDA:0,(anonymous_17)
FNDA:0,(anonymous_18)
DA:5,0
DA:7,0
DA:8,0
DA:12,0
DA:13,0
DA:14,0
DA:19,0
DA:21,0
DA:25,0
DA:26,0
DA:27,0
DA:32,0
DA:33,0
DA:36,0
DA:38,0
DA:42,0
DA:43,0
DA:44,0
DA:50,0
DA:52,0
DA:56,0
DA:57,0
DA:58,0
DA:64,0
DA:65,0
DA:68,0
DA:70,0
DA:76,0
DA:77,0
DA:78,0
DA:79,0
DA:81,0
DA:82,0
DA:83,0
DA:84,0
DA:85,0
DA:86,0
DA:89,0
DA:94,0
DA:96,0
DA:100,0
DA:101,0
DA:102,0
DA:111,0
DA:112,0
DA:115,0
DA:117,0
DA:121,0
DA:122,0
DA:123,0
DA:129,0
DA:131,0
DA:135,0
DA:136,0
DA:137,0
DA:143,0
DA:144,0
DA:147,0
DA:148,0
DA:150,0
DA:152,0
DA:156,0
DA:157,0
DA:158,0
DA:168,0
DA:169,0
DA:172,0
DA:174,0
DA:178,0
DA:179,0
DA:180,0
DA:186,0
DA:187,0
DA:190,0
DA:199,0
DA:201,0
DA:203,0
DA:209,0
DA:210,0
DA:211,0
DA:212,0
DA:214,0
DA:215,0
DA:217,0
DA:223,0
DA:225,0
DA:229,0
DA:230,0
DA:231,0
DA:241,0
DA:242,0
DA:245,0
DA:247,0
DA:251,0
DA:252,0
DA:253,0
DA:259,0
DA:261,0
DA:265,0
DA:266,0
DA:267,0
DA:277,0
DA:278,0
DA:281,0
DA:283,0
DA:287,0
DA:288,0
DA:289,0
DA:295,0
DA:296,0
DA:299,0
DA:308,0
DA:309,0
DA:310,0
DA:311,0
DA:312,0
DA:315,0
DA:316,0
DA:318,0
DA:320,0
DA:324,0
DA:325,0
DA:326,0
DA:359,0
DA:368,0
LF:125
LH:0
BRDA:32,0,0,0
BRDA:32,0,1,0
BRDA:64,1,0,0
BRDA:64,1,1,0
BRDA:81,2,0,0
BRDA:81,2,1,0
BRDA:82,3,0,0
BRDA:82,3,1,0
BRDA:83,4,0,0
BRDA:83,4,1,0
BRDA:83,5,0,0
BRDA:83,5,1,0
BRDA:85,6,0,0
BRDA:85,6,1,0
BRDA:86,7,0,0
BRDA:86,7,1,0
BRDA:111,8,0,0
BRDA:111,8,1,0
BRDA:143,9,0,0
BRDA:143,9,1,0
BRDA:168,10,0,0
BRDA:168,10,1,0
BRDA:186,11,0,0
BRDA:186,11,1,0
BRDA:192,12,0,0
BRDA:192,12,1,0
BRDA:214,13,0,0
BRDA:214,13,1,0
BRDA:215,14,0,0
BRDA:215,14,1,0
BRDA:241,15,0,0
BRDA:241,15,1,0
BRDA:277,16,0,0
BRDA:277,16,1,0
BRDA:295,17,0,0
BRDA:295,17,1,0
BRDA:315,18,0,0
BRDA:315,18,1,0
BRDA:363,19,0,0
BRDA:363,19,1,0
BRF:40
BRH:0
end_of_record
TN:
SF:src/routes/bookkeeping.js
FN:12,(anonymous_0)
FN:30,(anonymous_1)
FN:47,(anonymous_2)
FN:67,(anonymous_3)
FN:93,(anonymous_4)
FN:118,(anonymous_5)
FN:139,(anonymous_6)
FN:156,(anonymous_7)
FN:190,(anonymous_8)
FN:203,(anonymous_9)
FN:234,(anonymous_10)
FN:251,(anonymous_11)
FN:264,(anonymous_12)
FN:288,(anonymous_13)
FN:309,(anonymous_14)
FN:323,(anonymous_15)
FN:347,(anonymous_16)
FN:354,(anonymous_17)
FN:362,(anonymous_18)
FN:379,(anonymous_19)
FN:395,(anonymous_20)
FN:396,(anonymous_21)
FN:402,(anonymous_22)
FN:403,(anonymous_23)
FN:414,(anonymous_24)
FN:422,(anonymous_25)
FN:423,(anonymous_26)
FN:424,(anonymous_27)
FN:429,(anonymous_28)
FN:430,(anonymous_29)
FN:431,(anonymous_30)
FNF:31
FNH:0
FNDA:0,(anonymous_0)
FNDA:0,(anonymous_1)
FNDA:0,(anonymous_2)
FNDA:0,(anonymous_3)
FNDA:0,(anonymous_4)
FNDA:0,(anonymous_5)
FNDA:0,(anonymous_6)
FNDA:0,(anonymous_7)
FNDA:0,(anonymous_8)
FNDA:0,(anonymous_9)
FNDA:0,(anonymous_10)
FNDA:0,(anonymous_11)
FNDA:0,(anonymous_12)
FNDA:0,(anonymous_13)
FNDA:0,(anonymous_14)
FNDA:0,(anonymous_15)
FNDA:0,(anonymous_16)
FNDA:0,(anonymous_17)
FNDA:0,(anonymous_18)
FNDA:0,(anonymous_19)
FNDA:0,(anonymous_20)
FNDA:0,(anonymous_21)
FNDA:0,(anonymous_22)
FNDA:0,(anonymous_23)
FNDA:0,(anonymous_24)
FNDA:0,(anonymous_25)
FNDA:0,(anonymous_26)
FNDA:0,(anonymous_27)
FNDA:0,(anonymous_28)
FNDA:0,(anonymous_29)
FNDA:0,(anonymous_30)
DA:5,0
DA:7,0
DA:8,0
DA:12,0
DA:13,0
DA:14,0
DA:15,0
DA:17,0
DA:18,0
DA:20,0
DA:24,0
DA:26,0
DA:30,0
DA:31,0
DA:32,0
DA:37,0
DA:38,0
DA:41,0
DA:43,0
DA:47,0
DA:48,0
DA:50,0
DA:51,0
DA:52,0
DA:55,0
DA:61,0
DA:63,0
DA:67,0
DA:68,0
DA:69,0
DA:74,0
DA:75,0
DA:78,0
DA:79,0
DA:82,0
DA:83,0
DA:85,0
DA:87,0
DA:93,0
DA:94,0
DA:95,0
DA:96,0
DA:98,0
DA:99,0
DA:100,0
DA:101,0
DA:102,0
DA:103,0
DA:106,0
DA:112,0
DA:114,0
DA:118,0
DA:119,0
DA:120,0
DA:129,0
DA:130,0
DA:133,0
DA:135,0
DA:139,0
DA:140,0
DA:141,0
DA:147,0
DA:150,0
DA:152,0
DA:156,0
DA:157,0
DA:158,0
DA:164,0
DA:165,0
DA:169,0
DA:170,0
DA:171,0
DA:172,0
DA:174,0
DA:176,0
DA:179,0
DA:180,0
DA:181,0
DA:182,0
DA:184,0
DA:186,0
DA:190,0
DA:191,0
DA:192,0
DA:198,0
DA:199,0
DA:203,0
DA:210,0
DA:223,0
DA:224,0
DA:226,0
DA:228,0
DA:234,0
DA:235,0
DA:236,0
DA:237,0
DA:239,0
DA:241,0
DA:245,0
DA:247,0
DA:251,0
DA:252,0
DA:253,0
DA:258,0
DA:260,0
DA:264,0
DA:265,0
DA:266,0
DA:276,0
DA:277,0
DA:280,0
DA:282,0
DA:288,0
DA:289,0
DA:290,0
DA:291,0
DA:293,0
DA:294,0
DA:295,0
DA:297,0
DA:303,0
DA:305,0
DA:309,0
DA:310,0
DA:311,0
DA:317,0
DA:319,0
DA:323,0
DA:324,0
DA:325,0
DA:335,0
DA:336,0
DA:339,0
DA:341,0
DA:347,0
DA:348,0
DA:349,0
DA:354,0
DA:362,0
DA:367,0
DA:375,0
DA:379,0
DA:380,0
DA:381,0
DA:383,0
DA:389,0
DA:395,0
DA:396,0
DA:397,0
DA:399,0
DA:402,0
DA:403,0
DA:410,0
DA:414,0
DA:415,0
DA:416,0
DA:422,0
DA:423,0
DA:424,0
DA:426,0
DA:429,0
DA:430,0
DA:431,0
DA:439,0
LF:164
LH:0
BRDA:17,0,0,0
BRDA:17,0,1,0
BRDA:18,1,0,0
BRDA:18,1,1,0
BRDA:37,2,0,0
BRDA:37,2,1,0
BRDA:51,3,0,0
BRDA:51,3,1,0
BRDA:74,4,0,0
BRDA:74,4,1,0
BRDA:78,5,0,0
BRDA:78,5,1,0
BRDA:98,6,0,0
BRDA:98,6,1,0
BRDA:99,7,0,0
BRDA:99,7,1,0
BRDA:100,8,0,0
BRDA:100,8,1,0
BRDA:100,9,0,0
BRDA:100,9,1,0
BRDA:102,10,0,0
BRDA:102,10,1,0
BRDA:103,11,0,0
BRDA:103,11,1,0
BRDA:129,12,0,0
BRDA:129,12,1,0
BRDA:164,13,0,0
BRDA:164,13,1,0
BRDA:171,14,0,0
BRDA:171,14,1,0
BRDA:198,15,0,0
BRDA:198,15,1,0
BRDA:205,16,0,0
BRDA:205,16,1,0
BRDA:212,17,0,0
BRDA:212,17,1,0
BRDA:239,18,0,0
BRDA:239,18,1,0
BRDA:276,19,0,0
BRDA:276,19,1,0
BRDA:293,20,0,0
BRDA:293,20,1,0
BRDA:294,21,0,0
BRDA:294,21,1,0
BRDA:295,22,0,0
BRDA:295,22,1,0
BRDA:335,23,0,0
BRDA:335,23,1,0
BRDA:358,24,0,0
BRDA:358,24,1,0
BRDA:359,25,0,0
BRDA:359,25,1,0
BRF:52
BRH:0
end_of_record
TN:
SF:src/routes/branches.js
FN:10,(anonymous_0)
FN:24,(anonymous_1)
FN:46,(anonymous_2)
FN:53,(anonymous_3)
FN:57,(anonymous_4)
FN:78,(anonymous_5)
FN:119,(anonymous_6)
FN:170,(anonymous_7)
FN:226,(anonymous_8)
FN:271,(anonymous_9)
FNF:10
FNH:0
FNDA:0,(anonymous_0)
FNDA:0,(anonymous_1)
FNDA:0,(anonymous_2)
FNDA:0,(anonymous_3)
FNDA:0,(anonymous_4)
FNDA:0,(anonymous_5)
FNDA:0,(anonymous_6)
FNDA:0,(anonymous_7)
FNDA:0,(anonymous_8)
FNDA:0,(anonymous_9)
DA:7,1
DA:10,1
DA:11,0
DA:12,0
DA:13,0
DA:18,0
DA:24,1
DA:25,0
DA:26,0
DA:28,0
DA:30,0
DA:31,0
DA:37,0
DA:38,0
DA:41,0
DA:46,0
DA:47,0
DA:52,0
DA:53,0
DA:54,0
DA:57,0
DA:62,0
DA:67,0
DA:68,0
DA:78,1
DA:79,0
DA:80,0
DA:85,0
DA:86,0
DA:92,0
DA:97,0
DA:105,0
DA:106,0
DA:116,1
DA:120,0
DA:121,0
DA:124,0
DA:125,0
DA:126,0
DA:132,0
DA:138,0
DA:139,0
DA:145,0
DA:147,0
DA:153,0
DA:154,0
DA:155,0
DA:160,0
DA:170,1
DA:171,0
DA:172,0
DA:177,0
DA:178,0
DA:185,0
DA:186,0
DA:192,0
DA:198,0
DA:204,0
DA:205,0
DA:206,0
DA:211,0
DA:221,1
DA:227,0
DA:228,0
DA:233,0
DA:234,0
DA:240,0
DA:242,0
DA:243,0
DA:245,0
DA:246,0
DA:252,0
DA:254,0
DA:260,0
DA:261,0
DA:271,1
DA:272,0
DA:273,0
DA:278,0
DA:279,0
DA:286,0
DA:287,0
DA:288,0
DA:294,0
DA:296,0
DA:301,0
DA:302,0
LF:87
LH:8
BRDA:12,0,0,0
BRDA:12,0,1,0
BRDA:30,1,0,0
BRDA:30,1,1,0
BRDA:37,2,0,0
BRDA:37,2,1,0
BRDA:59,3,0,0
BRDA:59,3,1,0
BRDA:85,4,0,0
BRDA:85,4,1,0
BRDA:125,5,0,0
BRDA:125,5,1,0
BRDA:125,6,0,0
BRDA:125,6,1,0
BRDA:138,7,0,0
BRDA:138,7,1,0
BRDA:138,8,0,0
BRDA:138,8,1,0
BRDA:154,9,0,0
BRDA:154,9,1,0
BRDA:177,10,0,0
BRDA:177,10,1,0
BRDA:185,11,0,0
BRDA:185,11,1,0
BRDA:185,12,0,0
BRDA:185,12,1,0
BRDA:205,13,0,0
BRDA:205,13,1,0
BRDA:233,14,0,0
BRDA:233,14,1,0
BRDA:243,15,0,0
BRDA:243,15,1,0
BRDA:245,16,0,0
BRDA:245,16,1,0
BRDA:245,17,0,0
BRDA:245,17,1,0
BRDA:278,18,0,0
BRDA:278,18,1,0
BRDA:287,19,0,0
BRDA:287,19,1,0
BRF:40
BRH:0
end_of_record
TN:
SF:src/routes/communications.js
FN:25,(anonymous_0)
FN:44,(anonymous_1)
FN:61,(anonymous_2)
FN:75,(anonymous_3)
FN:93,(anonymous_4)
FN:120,(anonymous_5)
FN:137,(anonymous_6)
FN:151,(anonymous_7)
FN:171,(anonymous_8)
FN:210,(anonymous_9)
FN:235,(anonymous_10)
FN:249,(anonymous_11)
FN:267,(anonymous_12)
FN:326,(anonymous_13)
FN:339,(anonymous_14)
FN:353,(anonymous_15)
FN:378,(anonymous_16)
FN:416,(anonymous_17)
FN:447,(anonymous_18)
FN:474,(anonymous_19)
FN:494,(anonymous_20)
FN:508,(anonymous_21)
FN:524,(anonymous_22)
FN:546,(anonymous_23)
FN:577,(anonymous_24)
FN:598,(anonymous_25)
FN:622,(anonymous_26)
FN:642,(anonymous_27)
FN:673,(anonymous_28)
FN:687,(anonymous_29)
FN:708,(anonymous_30)
FN:729,(anonymous_31)
FN:747,(anonymous_32)
FN:773,(anonymous_33)
FN:787,(anonymous_34)
FN:801,(anonymous_35)
FN:821,(anonymous_36)
FN:834,(anonymous_37)
FN:850,(anonymous_38)
FN:935,(anonymous_39)
FNF:40
FNH:0
FNDA:0,(anonymous_0)
FNDA:0,(anonymous_1)
FNDA:0,(anonymous_2)
FNDA:0,(anonymous_3)
FNDA:0,(anonymous_4)
FNDA:0,(anonymous_5)
FNDA:0,(anonymous_6)
FNDA:0,(anonymous_7)
FNDA:0,(anonymous_8)
FNDA:0,(anonymous_9)
FNDA:0,(anonymous_10)
FNDA:0,(anonymous_11)
FNDA:0,(anonymous_12)
FNDA:0,(anonymous_13)
FNDA:0,(anonymous_14)
FNDA:0,(anonymous_15)
FNDA:0,(anonymous_16)
FNDA:0,(anonymous_17)
FNDA:0,(anonymous_18)
FNDA:0,(anonymous_19)
FNDA:0,(anonymous_20)
FNDA:0,(anonymous_21)
FNDA:0,(anonymous_22)
FNDA:0,(anonymous_23)
FNDA:0,(anonymous_24)
FNDA:0,(anonymous_25)
FNDA:0,(anonymous_26)
FNDA:0,(anonymous_27)
FNDA:0,(anonymous_28)
FNDA:0,(anonymous_29)
FNDA:0,(anonymous_30)
FNDA:0,(anonymous_31)
FNDA:0,(anonymous_32)
FNDA:0,(anonymous_33)
FNDA:0,(anonymous_34)
FNDA:0,(anonymous_35)
FNDA:0,(anonymous_36)
FNDA:0,(anonymous_37)
FNDA:0,(anonymous_38)
FNDA:0,(anonymous_39)
DA:18,0
DA:20,0
DA:21,0
DA:25,0
DA:26,0
DA:27,0
DA:28,0
DA:30,0
DA:31,0
DA:32,0
DA:34,0
DA:38,0
DA:40,0
DA:44,0
DA:45,0
DA:46,0
DA:51,0
DA:52,0
DA:55,0
DA:57,0
DA:61,0
DA:62,0
DA:63,0
DA:69,0
DA:71,0
DA:75,0
DA:76,0
DA:77,0
DA:83,0
DA:84,0
DA:87,0
DA:89,0
DA:93,0
DA:94,0
DA:95,0
DA:100,0
DA:101,0
DA:105,0
DA:112,0
DA:114,0
DA:120,0
DA:121,0
DA:122,0
DA:123,0
DA:125,0
DA:126,0
DA:127,0
DA:129,0
DA:131,0
DA:133,0
DA:137,0
DA:138,0
DA:139,0
DA:145,0
DA:147,0
DA:151,0
DA:152,0
DA:153,0
DA:159,0
DA:160,0
DA:163,0
DA:165,0
DA:171,0
DA:172,0
DA:173,0
DA:174,0
DA:176,0
DA:177,0
DA:178,0
DA:179,0
DA:180,0
DA:188,0
DA:189,0
DA:195,0
DA:206,0
DA:210,0
DA:211,0
DA:212,0
DA:217,0
DA:218,0
DA:222,0
DA:229,0
DA:231,0
DA:235,0
DA:236,0
DA:237,0
DA:243,0
DA:245,0
DA:249,0
DA:250,0
DA:251,0
DA:257,0
DA:258,0
DA:261,0
DA:263,0
DA:267,0
DA:268,0
DA:269,0
DA:271,0
DA:277,0
DA:278,0
DA:280,0
DA:288,0
DA:289,0
DA:290,0
DA:293,0
DA:302,0
DA:304,0
DA:309,0
DA:310,0
DA:315,0
DA:318,0
DA:320,0
DA:326,0
DA:327,0
DA:328,0
DA:333,0
DA:335,0
DA:339,0
DA:340,0
DA:341,0
DA:347,0
DA:349,0
DA:353,0
DA:354,0
DA:355,0
DA:357,0
DA:363,0
DA:368,0
DA:370,0
DA:372,0
DA:378,0
DA:379,0
DA:380,0
DA:381,0
DA:383,0
DA:384,0
DA:385,0
DA:386,0
DA:387,0
DA:388,0
DA:389,0
DA:390,0
DA:393,0
DA:394,0
DA:401,0
DA:412,0
DA:416,0
DA:417,0
DA:418,0
DA:420,0
DA:421,0
DA:422,0
DA:425,0
DA:426,0
DA:427,0
DA:430,0
DA:441,0
DA:443,0
DA:447,0
DA:448,0
DA:449,0
DA:451,0
DA:452,0
DA:453,0
DA:456,0
DA:466,0
DA:468,0
DA:474,0
DA:475,0
DA:476,0
DA:477,0
DA:479,0
DA:480,0
DA:482,0
DA:488,0
DA:490,0
DA:494,0
DA:495,0
DA:496,0
DA:502,0
DA:504,0
DA:508,0
DA:509,0
DA:510,0
DA:512,0
DA:513,0
DA:516,0
DA:518,0
DA:524,0
DA:525,0
DA:526,0
DA:527,0
DA:529,0
DA:530,0
DA:531,0
DA:532,0
DA:534,0
DA:540,0
DA:542,0
DA:546,0
DA:547,0
DA:548,0
DA:556,0
DA:557,0
DA:561,0
DA:566,0
DA:567,0
DA:568,0
DA:571,0
DA:573,0
DA:577,0
DA:578,0
DA:579,0
DA:588,0
DA:589,0
DA:592,0
DA:594,0
DA:598,0
DA:599,0
DA:600,0
DA:610,0
DA:611,0
DA:614,0
DA:616,0
DA:622,0
DA:623,0
DA:624,0
DA:625,0
DA:627,0
DA:628,0
DA:629,0
DA:631,0
DA:636,0
DA:638,0
DA:642,0
DA:643,0
DA:644,0
DA:652,0
DA:653,0
DA:657,0
DA:667,0
DA:669,0
DA:673,0
DA:674,0
DA:675,0
DA:681,0
DA:683,0
DA:687,0
DA:688,0
DA:689,0
DA:695,0
DA:696,0
DA:699,0
DA:700,0
DA:702,0
DA:704,0
DA:708,0
DA:709,0
DA:710,0
DA:719,0
DA:720,0
DA:723,0
DA:725,0
DA:729,0
DA:730,0
DA:731,0
DA:737,0
DA:738,0
DA:741,0
DA:743,0
DA:747,0
DA:748,0
DA:749,0
DA:755,0
DA:756,0
DA:760,0
DA:765,0
DA:767,0
DA:773,0
DA:774,0
DA:775,0
DA:781,0
DA:783,0
DA:787,0
DA:788,0
DA:789,0
DA:795,0
DA:797,0
DA:801,0
DA:802,0
DA:803,0
DA:809,0
DA:810,0
DA:813,0
DA:815,0
DA:821,0
DA:822,0
DA:823,0
DA:828,0
DA:830,0
DA:834,0
DA:835,0
DA:836,0
DA:842,0
DA:844,0
DA:850,0
DA:851,0
DA:852,0
DA:853,0
DA:855,0
DA:856,0
DA:858,0
DA:921,0
DA:931,0
DA:935,0
DA:936,0
DA:937,0
DA:938,0
DA:939,0
DA:941,0
DA:960,0
DA:962,0
LF:323
LH:0
BRDA:30,0,0,0
BRDA:30,0,1,0
BRDA:31,1,0,0
BRDA:31,1,1,0
BRDA:32,2,0,0
BRDA:32,2,1,0
BRDA:51,3,0,0
BRDA:51,3,1,0
BRDA:83,4,0,0
BRDA:83,4,1,0
BRDA:100,5,0,0
BRDA:100,5,1,0
BRDA:108,6,0,0
BRDA:108,6,1,0
BRDA:125,7,0,0
BRDA:125,7,1,0
BRDA:126,8,0,0
BRDA:126,8,1,0
BRDA:127,9,0,0
BRDA:127,9,1,0
BRDA:159,10,0,0
BRDA:159,10,1,0
BRDA:173,11,0,0
BRDA:173,12,0,0
BRDA:176,13,0,0
BRDA:176,13,1,0
BRDA:177,14,0,0
BRDA:177,14,1,0
BRDA:178,15,0,0
BRDA:178,15,1,0
BRDA:179,16,0,0
BRDA:179,16,1,0
BRDA:217,17,0,0
BRDA:217,17,1,0
BRDA:257,18,0,0
BRDA:257,18,1,0
BRDA:288,19,0,0
BRDA:288,19,1,0
BRDA:296,20,0,0
BRDA:296,20,1,0
BRDA:297,21,0,0
BRDA:297,21,1,0
BRDA:304,22,0,0
BRDA:304,22,1,0
BRDA:309,23,0,0
BRDA:309,23,1,0
BRDA:380,24,0,0
BRDA:380,25,0,0
BRDA:383,26,0,0
BRDA:383,26,1,0
BRDA:384,27,0,0
BRDA:384,27,1,0
BRDA:385,28,0,0
BRDA:385,28,1,0
BRDA:386,29,0,0
BRDA:386,29,1,0
BRDA:387,30,0,0
BRDA:387,30,1,0
BRDA:387,31,0,0
BRDA:387,31,1,0
BRDA:389,32,0,0
BRDA:389,32,1,0
BRDA:390,33,0,0
BRDA:390,33,1,0
BRDA:421,34,0,0
BRDA:421,34,1,0
BRDA:426,35,0,0
BRDA:426,35,1,0
BRDA:452,36,0,0
BRDA:452,36,1,0
BRDA:479,37,0,0
BRDA:479,37,1,0
BRDA:480,38,0,0
BRDA:480,38,1,0
BRDA:512,39,0,0
BRDA:512,39,1,0
BRDA:529,40,0,0
BRDA:529,40,1,0
BRDA:530,41,0,0
BRDA:530,41,1,0
BRDA:531,42,0,0
BRDA:531,42,1,0
BRDA:532,43,0,0
BRDA:532,43,1,0
BRDA:556,44,0,0
BRDA:556,44,1,0
BRDA:566,45,0,0
BRDA:566,45,1,0
BRDA:588,46,0,0
BRDA:588,46,1,0
BRDA:610,47,0,0
BRDA:610,47,1,0
BRDA:627,48,0,0
BRDA:627,48,1,0
BRDA:628,49,0,0
BRDA:628,49,1,0
BRDA:629,50,0,0
BRDA:629,50,1,0
BRDA:652,51,0,0
BRDA:652,51,1,0
BRDA:695,52,0,0
BRDA:695,52,1,0
BRDA:719,53,0,0
BRDA:719,53,1,0
BRDA:737,54,0,0
BRDA:737,54,1,0
BRDA:755,55,0,0
BRDA:755,55,1,0
BRDA:809,56,0,0
BRDA:809,56,1,0
BRDA:855,57,0,0
BRDA:855,57,1,0
BRDA:856,58,0,0
BRDA:856,58,1,0
BRDA:864,59,0,0
BRDA:864,59,1,0
BRDA:880,60,0,0
BRDA:880,60,1,0
BRDA:937,61,0,0
BRF:119
BRH:0
end_of_record
TN:
SF:src/routes/departments.js
FN:10,(anonymous_0)
FN:24,(anonymous_1)
FN:49,(anonymous_2)
FN:56,(anonymous_3)
FN:60,(anonymous_4)
FN:81,(anonymous_5)
FN:91,(anonymous_6)
FN:93,(anonymous_7)
FN:97,(anonymous_8)
FN:121,(anonymous_9)
FN:166,(anonymous_10)
FN:203,(anonymous_11)
FN:257,(anonymous_12)
FNF:13
FNH:0
FNDA:0,(anonymous_0)
FNDA:0,(anonymous_1)
FNDA:0,(anonymous_2)
FNDA:0,(anonymous_3)
FNDA:0,(anonymous_4)
FNDA:0,(anonymous_5)
FNDA:0,(anonymous_6)
FNDA:0,(anonymous_7)
FNDA:0,(anonymous_8)
FNDA:0,(anonymous_9)
FNDA:0,(anonymous_10)
FNDA:0,(anonymous_11)
FNDA:0,(anonymous_12)
DA:7,1
DA:10,1
DA:11,0
DA:12,0
DA:13,0
DA:18,0
DA:24,1
DA:25,0
DA:26,0
DA:28,0
DA:30,0
DA:31,0
DA:37,0
DA:38,0
DA:39,0
DA:40,0
DA:42,0
DA:49,0
DA:50,0
DA:55,0
DA:56,0
DA:57,0
DA:60,0
DA:65,0
DA:70,0
DA:71,0
DA:81,1
DA:82,0
DA:83,0
DA:91,0
DA:92,0
DA:94,0
DA:95,0
DA:97,0
DA:103,0
DA:105,0
DA:110,0
DA:111,0
DA:121,1
DA:122,0
DA:123,0
DA:132,0
DA:133,0
DA:139,0
DA:144,0
DA:152,0
DA:153,0
DA:163,1
DA:167,0
DA:168,0
DA:173,0
DA:175,0
DA:180,0
DA:186,0
DA:187,0
DA:188,0
DA:193,0
DA:203,1
DA:204,0
DA:205,0
DA:210,0
DA:211,0
DA:218,0
DA:219,0
DA:225,0
DA:234,0
DA:240,0
DA:241,0
DA:242,0
DA:247,0
DA:257,1
DA:258,0
DA:259,0
DA:264,0
DA:265,0
DA:272,0
DA:273,0
DA:274,0
DA:281,0
DA:282,0
DA:283,0
DA:289,0
DA:291,0
DA:296,0
DA:297,0
LF:85
LH:8
BRDA:12,0,0,0
BRDA:12,0,1,0
BRDA:30,1,0,0
BRDA:30,1,1,0
BRDA:37,2,0,0
BRDA:37,2,1,0
BRDA:38,3,0,0
BRDA:38,3,1,0
BRDA:39,4,0,0
BRDA:39,4,1,0
BRDA:40,5,0,0
BRDA:40,5,1,0
BRDA:62,6,0,0
BRDA:62,6,1,0
BRDA:91,7,0,0
BRDA:94,8,0,0
BRDA:94,8,1,0
BRDA:132,9,0,0
BRDA:132,9,1,0
BRDA:187,10,0,0
BRDA:187,10,1,0
BRDA:210,11,0,0
BRDA:210,11,1,0
BRDA:218,12,0,0
BRDA:218,12,1,0
BRDA:241,13,0,0
BRDA:241,13,1,0
BRDA:264,14,0,0
BRDA:264,14,1,0
BRDA:273,15,0,0
BRDA:273,15,1,0
BRDA:282,16,0,0
BRDA:282,16,1,0
BRF:33
BRH:0
end_of_record
TN:
SF:src/routes/designations.js
FN:10,(anonymous_0)
FN:24,(anonymous_1)
FN:46,(anonymous_2)
FN:53,(anonymous_3)
FN:57,(anonymous_4)
FN:78,(anonymous_5)
FN:119,(anonymous_6)
FN:154,(anonymous_7)
FN:197,(anonymous_8)
FNF:9
FNH:0
FNDA:0,(anonymous_0)
FNDA:0,(anonymous_1)
FNDA:0,(anonymous_2)
FNDA:0,(anonymous_3)
FNDA:0,(anonymous_4)
FNDA:0,(anonymous_5)
FNDA:0,(anonymous_6)
FNDA:0,(anonymous_7)
FNDA:0,(anonymous_8)
DA:7,0
DA:10,0
DA:11,0
DA:12,0
DA:13,0
DA:18,0
DA:24,0
DA:25,0
DA:26,0
DA:28,0
DA:30,0
DA:31,0
DA:37,0
DA:38,0
DA:39,0
DA:41,0
DA:46,0
DA:47,0
DA:52,0
DA:53,0
DA:54,0
DA:57,0
DA:62,0
DA:67,0
DA:68,0
DA:78,0
DA:79,0
DA:80,0
DA:85,0
DA:86,0
DA:92,0
DA:97,0
DA:105,0
DA:106,0
DA:116,0
DA:120,0
DA:121,0
DA:126,0
DA:128,0
DA:131,0
DA:137,0
DA:138,0
DA:139,0
DA:144,0
DA:154,0
DA:155,0
DA:156,0
DA:161,0
DA:162,0
DA:168,0
DA:174,0
DA:180,0
DA:181,0
DA:182,0
DA:187,0
DA:197,0
DA:198,0
DA:199,0
DA:204,0
DA:205,0
DA:212,0
DA:213,0
DA:214,0
DA:220,0
DA:222,0
DA:227,0
DA:228,0
LF:67
LH:0
BRDA:12,0,0,0
BRDA:12,0,1,0
BRDA:30,1,0,0
BRDA:30,1,1,0
BRDA:37,2,0,0
BRDA:37,2,1,0
BRDA:38,3,0,0
BRDA:38,3,1,0
BRDA:39,4,0,0
BRDA:39,4,1,0
BRDA:59,5,0,0
BRDA:59,5,1,0
BRDA:85,6,0,0
BRDA:85,6,1,0
BRDA:138,7,0,0
BRDA:138,7,1,0
BRDA:161,8,0,0
BRDA:161,8,1,0
BRDA:181,9,0,0
BRDA:181,9,1,0
BRDA:204,10,0,0
BRDA:204,10,1,0
BRDA:213,11,0,0
BRDA:213,11,1,0
BRF:24
BRH:0
end_of_record
TN:
SF:src/routes/dutyRoster.js
FN:15,(anonymous_0)
FN:33,(anonymous_1)
FN:70,(anonymous_2)
FN:150,(anonymous_3)
FN:191,(anonymous_4)
FN:225,(anonymous_5)
FN:306,(anonymous_6)
FN:320,(anonymous_7)
FN:365,(anonymous_8)
FN:400,(anonymous_9)
FN:432,(anonymous_10)
FN:492,(anonymous_11)
FN:558,(anonymous_12)
FN:630,(anonymous_13)
FN:687,(anonymous_14)
FN:765,(anonymous_15)
FNF:16
FNH:0
FNDA:0,(anonymous_0)
FNDA:0,(anonymous_1)
FNDA:0,(anonymous_2)
FNDA:0,(anonymous_3)
FNDA:0,(anonymous_4)
FNDA:0,(anonymous_5)
FNDA:0,(anonymous_6)
FNDA:0,(anonymous_7)
FNDA:0,(anonymous_8)
FNDA:0,(anonymous_9)
FNDA:0,(anonymous_10)
FNDA:0,(anonymous_11)
FNDA:0,(anonymous_12)
FNDA:0,(anonymous_13)
FNDA:0,(anonymous_14)
FNDA:0,(anonymous_15)
DA:12,0
DA:15,0
DA:16,0
DA:17,0
DA:18,0
DA:23,0
DA:33,0
DA:34,0
DA:35,0
DA:36,0
DA:38,0
DA:39,0
DA:40,0
DA:41,0
DA:43,0
DA:49,0
DA:54,0
DA:55,0
DA:65,0
DA:71,0
DA:72,0
DA:75,0
DA:80,0
DA:81,0
DA:87,0
DA:88,0
DA:95,0
DA:102,0
DA:103,0
DA:111,0
DA:122,0
DA:127,0
DA:133,0
DA:134,0
DA:135,0
DA:140,0
DA:150,0
DA:151,0
DA:152,0
DA:153,0
DA:155,0
DA:156,0
DA:157,0
DA:159,0
DA:167,0
DA:168,0
DA:174,0
DA:180,0
DA:181,0
DA:191,0
DA:192,0
DA:193,0
DA:198,0
DA:199,0
DA:205,0
DA:210,0
DA:211,0
DA:225,0
DA:226,0
DA:227,0
DA:232,0
DA:233,0
DA:239,0
DA:240,0
DA:247,0
DA:254,0
DA:260,0
DA:268,0
DA:269,0
DA:270,0
DA:271,0
DA:274,0
DA:293,0
DA:294,0
DA:304,0
DA:307,0
DA:308,0
DA:310,0
DA:311,0
DA:317,0
DA:320,0
DA:347,0
DA:349,0
DA:354,0
DA:355,0
DA:365,0
DA:366,0
DA:367,0
DA:369,0
DA:370,0
DA:376,0
DA:377,0
DA:378,0
DA:380,0
DA:385,0
DA:386,0
DA:400,0
DA:401,0
DA:402,0
DA:403,0
DA:405,0
DA:406,0
DA:407,0
DA:408,0
DA:410,0
DA:416,0
DA:421,0
DA:422,0
DA:432,0
DA:433,0
DA:434,0
DA:437,0
DA:438,0
DA:445,0
DA:450,0
DA:452,0
DA:458,0
DA:464,0
DA:465,0
DA:467,0
DA:472,0
DA:477,0
DA:478,0
DA:492,0
DA:493,0
DA:494,0
DA:497,0
DA:498,0
DA:504,0
DA:506,0
DA:509,0
DA:516,0
DA:517,0
DA:523,0
DA:537,0
DA:542,0
DA:543,0
DA:553,0
DA:559,0
DA:560,0
DA:563,0
DA:568,0
DA:569,0
DA:576,0
DA:589,0
DA:590,0
DA:596,0
DA:607,0
DA:611,0
DA:617,0
DA:618,0
DA:628,0
DA:631,0
DA:632,0
DA:635,0
DA:640,0
DA:647,0
DA:648,0
DA:654,0
DA:660,0
DA:661,0
DA:663,0
DA:666,0
DA:668,0
DA:674,0
DA:675,0
DA:685,0
DA:688,0
DA:689,0
DA:691,0
DA:697,0
DA:698,0
DA:704,0
DA:711,0
DA:712,0
DA:715,0
DA:720,0
DA:722,0
DA:723,0
DA:725,0
DA:726,0
DA:727,0
DA:728,0
DA:729,0
DA:731,0
DA:732,0
DA:733,0
DA:734,0
DA:735,0
DA:737,0
DA:743,0
DA:746,0
DA:748,0
DA:754,0
DA:755,0
DA:765,0
DA:766,0
DA:767,0
DA:770,0
DA:775,0
DA:781,0
DA:782,0
DA:788,0
DA:789,0
DA:795,0
DA:796,0
DA:797,0
DA:798,0
DA:799,0
DA:801,0
DA:807,0
DA:808,0
LF:212
LH:0
BRDA:17,0,0,0
BRDA:17,0,1,0
BRDA:38,1,0,0
BRDA:38,1,1,0
BRDA:39,2,0,0
BRDA:39,2,1,0
BRDA:40,3,0,0
BRDA:40,3,1,0
BRDA:41,4,0,0
BRDA:41,4,1,0
BRDA:80,5,0,0
BRDA:80,5,1,0
BRDA:87,6,0,0
BRDA:87,6,1,0
BRDA:102,7,0,0
BRDA:102,7,1,0
BRDA:102,8,0,0
BRDA:102,8,1,0
BRDA:134,9,0,0
BRDA:134,9,1,0
BRDA:155,10,0,0
BRDA:155,10,1,0
BRDA:156,11,0,0
BRDA:156,11,1,0
BRDA:157,12,0,0
BRDA:157,12,1,0
BRDA:167,13,0,0
BRDA:167,13,1,0
BRDA:198,14,0,0
BRDA:198,14,1,0
BRDA:232,15,0,0
BRDA:232,15,1,0
BRDA:239,16,0,0
BRDA:239,16,1,0
BRDA:242,17,0,0
BRDA:242,17,1,0
BRDA:268,18,0,0
BRDA:268,18,1,0
BRDA:310,19,0,0
BRDA:310,19,1,0
BRDA:310,20,0,0
BRDA:310,20,1,0
BRDA:336,21,0,0
BRDA:336,21,1,0
BRDA:337,22,0,0
BRDA:337,22,1,0
BRDA:369,23,0,0
BRDA:369,23,1,0
BRDA:369,24,0,0
BRDA:369,24,1,0
BRDA:405,25,0,0
BRDA:405,25,1,0
BRDA:406,26,0,0
BRDA:406,26,1,0
BRDA:407,27,0,0
BRDA:407,27,1,0
BRDA:408,28,0,0
BRDA:408,28,1,0
BRDA:437,29,0,0
BRDA:437,29,1,0
BRDA:450,30,0,0
BRDA:450,30,1,0
BRDA:464,31,0,0
BRDA:464,31,1,0
BRDA:465,32,0,0
BRDA:465,32,1,0
BRDA:497,33,0,0
BRDA:497,33,1,0
BRDA:506,34,0,0
BRDA:506,34,1,0
BRDA:516,35,0,0
BRDA:516,35,1,0
BRDA:516,36,0,0
BRDA:516,36,1,0
BRDA:568,37,0,0
BRDA:568,37,1,0
BRDA:589,38,0,0
BRDA:589,38,1,0
BRDA:589,39,0,0
BRDA:589,39,1,0
[...]
FN:48,(anonymous_4)
FN:68,(anonymous_5)
FN:73,(anonymous_6)
FN:83,(anonymous_7)
FN:88,(anonymous_8)
FN:101,(anonymous_9)
FN:106,(anonymous_10)
FN:111,(anonymous_11)
FN:129,(anonymous_12)
FN:134,(anonymous_13)
FN:139,(anonymous_14)
FN:144,(anonymous_15)
FN:157,(anonymous_16)
FN:162,(anonymous_17)
FN:167,(anonymous_18)
FN:174,(anonymous_19)
FNF:20
FNH:0
FNDA:0,(anonymous_0)
FNDA:0,(anonymous_1)
FNDA:0,(anonymous_2)
FNDA:0,(anonymous_3)
FNDA:0,(anonymous_4)
FNDA:0,(anonymous_5)
FNDA:0,(anonymous_6)
FNDA:0,(anonymous_7)
FNDA:0,(anonymous_8)
FNDA:0,(anonymous_9)
FNDA:0,(anonymous_10)
FNDA:0,(anonymous_11)
FNDA:0,(anonymous_12)
FNDA:0,(anonymous_13)
FNDA:0,(anonymous_14)
FNDA:0,(anonymous_15)
FNDA:0,(anonymous_16)
FNDA:0,(anonymous_17)
FNDA:0,(anonymous_18)
FNDA:0,(anonymous_19)
DA:6,0
DA:10,0
DA:11,0
DA:12,0
DA:14,0
DA:18,0
DA:19,0
DA:23,0
DA:25,0
DA:34,0
DA:35,0
DA:38,0
DA:39,0
DA:40,0
DA:42,0
DA:43,0
DA:50,0
DA:52,0
DA:60,0
DA:61,0
DA:64,0
DA:69,0
DA:74,0
DA:84,0
DA:90,0
DA:92,0
DA:102,0
DA:107,0
DA:112,0
DA:117,0
DA:118,0
DA:121,0
DA:122,0
DA:125,0
DA:130,0
DA:135,0
DA:140,0
DA:145,0
DA:147,0
DA:158,0
DA:163,0
DA:168,0
DA:169,0
DA:170,0
DA:175,0
DA:176,0
DA:178,0
DA:179,0
DA:180,0
DA:183,0
DA:184,0
DA:188,0
LF:52
LH:0
BRDA:11,0,0,0
BRDA:11,0,1,0
BRDA:22,1,0,0
BRDA:34,2,0,0
BRDA:34,2,1,0
BRDA:42,3,0,0
BRDA:42,3,1,0
BRDA:43,4,0,0
BRDA:43,4,1,0
BRDA:60,5,0,0
BRDA:60,5,1,0
BRDA:117,6,0,0
BRDA:117,6,1,0
BRDA:121,7,0,0
BRDA:121,7,1,0
BRDA:157,8,0,0
BRDA:167,9,0,0
BRDA:178,10,0,0
BRDA:178,10,1,0
BRF:19
BRH:0
end_of_record
TN:
SF:src/services/messaging/index.js
FN:12,(anonymous_0)
FN:17,(anonymous_1)
FN:47,(anonymous_2)
FN:147,(anonymous_3)
FN:179,(anonymous_4)
FN:191,(anonymous_5)
FN:203,(anonymous_6)
FN:247,(anonymous_7)
FN:329,(anonymous_8)
FNF:9
FNH:0
FNDA:0,(anonymous_0)
FNDA:0,(anonymous_1)
FNDA:0,(anonymous_2)
FNDA:0,(anonymous_3)
FNDA:0,(anonymous_4)
FNDA:0,(anonymous_5)
FNDA:0,(anonymous_6)
FNDA:0,(anonymous_7)
FNDA:0,(anonymous_8)
DA:13,0
DA:18,0
DA:20,0
DA:21,0
DA:24,0
DA:25,0
DA:27,0
DA:28,0
DA:30,0
DA:31,0
DA:33,0
DA:34,0
DA:36,0
DA:37,0
DA:39,0
DA:43,0
DA:48,0
DA:51,0
DA:52,0
DA:53,0
DA:57,0
DA:58,0
DA:62,0
DA:65,0
DA:92,0
DA:93,0
DA:96,0
DA:99,0
DA:100,0
DA:103,0
DA:105,0
DA:106,0
DA:107,0
DA:109,0
DA:117,0
DA:118,0
DA:119,0
DA:120,0
DA:121,0
DA:122,0
DA:125,0
DA:126,0
DA:127,0
DA:128,0
DA:131,0
DA:133,0
DA:135,0
DA:136,0
DA:137,0
DA:138,0
DA:139,0
DA:140,0
DA:142,0
DA:148,0
DA:150,0
DA:157,0
DA:161,0
DA:162,0
DA:163,0
DA:174,0
DA:175,0
DA:178,0
DA:179,0
DA:182,0
DA:183,0
DA:187,0
DA:192,0
DA:194,0
DA:195,0
DA:196,0
DA:199,0
DA:204,0
DA:206,0
DA:208,0
DA:214,0
DA:215,0
DA:216,0
DA:226,0
DA:227,0
DA:228,0
DA:229,0
DA:232,0
DA:233,0
DA:234,0
DA:237,0
DA:240,0
DA:241,0
DA:243,0
DA:248,0
DA:249,0
DA:250,0
DA:253,0
DA:254,0
DA:257,0
DA:267,0
DA:268,0
DA:288,0
DA:289,0
DA:290,0
DA:291,0
DA:294,0
DA:315,0
DA:317,0
DA:318,0
DA:319,0
DA:322,0
DA:325,0
DA:330,0
DA:335,0
DA:337,0
DA:345,0
DA:347,0
DA:348,0
DA:350,0
DA:351,0
DA:352,0
DA:353,0
DA:354,0
DA:355,0
DA:358,0
DA:360,0
LF:121
LH:0
BRDA:20,0,0,0
BRDA:20,0,1,0
BRDA:21,1,0,0
BRDA:21,1,1,0
BRDA:21,1,2,0
BRDA:21,1,3,0
BRDA:21,1,4,0
BRDA:21,1,5,0
BRDA:21,1,6,0
BRDA:52,2,0,0
BRDA:52,2,1,0
BRDA:52,3,0,0
BRDA:52,3,1,0
BRDA:57,4,0,0
BRDA:57,4,1,0
BRDA:70,5,0,0
BRDA:70,5,1,0
BRDA:73,6,0,0
BRDA:73,6,1,0
BRDA:76,7,0,0
BRDA:76,7,1,0
BRDA:78,8,0,0
BRDA:78,8,1,0
BRDA:86,9,0,0
BRDA:86,9,1,0
BRDA:87,10,0,0
BRDA:87,10,1,0
BRDA:92,11,0,0
BRDA:92,11,1,0
BRDA:93,12,0,0
BRDA:93,12,1,0
BRDA:99,13,0,0
BRDA:99,13,1,0
BRDA:99,14,0,0
BRDA:99,14,1,0
BRDA:118,15,0,0
BRDA:118,15,1,0
BRDA:120,16,0,0
BRDA:120,16,1,0
BRDA:157,17,0,0
BRDA:157,17,1,0
BRDA:178,18,0,0
BRDA:178,18,1,0
BRDA:192,19,0,0
BRDA:192,19,1,0
BRDA:192,20,0,0
BRDA:192,20,1,0
BRDA:194,21,0,0
BRDA:194,21,1,0
BRDA:196,22,0,0
BRDA:196,22,1,0
BRDA:204,23,0,0
BRDA:204,23,1,0
BRDA:206,24,0,0
BRDA:206,24,1,0
BRDA:214,25,0,0
BRDA:214,25,1,0
BRDA:227,26,0,0
BRDA:227,26,1,0
BRDA:232,27,0,0
BRDA:232,27,1,0
BRDA:249,28,0,0
BRDA:249,28,1,0
BRDA:267,29,0,0
BRDA:267,29,1,0
BRDA:271,30,0,0
BRDA:271,30,1,0
BRDA:272,31,0,0
BRDA:272,31,1,0
BRDA:275,32,0,0
BRDA:275,32,1,0
BRDA:275,33,0,0
BRDA:275,33,1,0
BRDA:276,34,0,0
BRDA:276,34,1,0
BRDA:277,35,0,0
BRDA:277,35,1,0
BRDA:278,36,0,0
BRDA:278,36,1,0
BRDA:301,37,0,0
BRDA:301,37,1,0
BRDA:317,38,0,0
BRDA:317,38,1,0
BRDA:319,39,0,0
BRDA:319,39,1,0
BRDA:319,40,0,0
BRDA:319,40,1,0
BRDA:335,41,0,0
BRDA:335,41,1,0
BRDA:345,42,0,0
BRDA:345,42,1,0
BRDA:348,43,0,0
BRDA:348,43,1,0
BRDA:350,44,0,0
BRDA:350,44,1,0
BRDA:351,45,0,0
BRDA:351,45,1,0
BRDA:352,46,0,0
BRDA:352,46,1,0
BRDA:353,47,0,0
BRDA:353,47,1,0
BRDA:354,48,0,0
BRDA:354,48,1,0
BRDA:355,49,0,0
BRDA:355,49,1,0
BRF:105
BRH:0
end_of_record
TN:
SF:src/services/messaging/scheduler.js
FN:8,(anonymous_0)
FN:15,(anonymous_1)
FN:26,(anonymous_2)
FN:33,(anonymous_3)
FN:43,(anonymous_4)
FN:104,(anonymous_5)
FN:143,(anonymous_6)
FN:161,(anonymous_7)
FN:207,(anonymous_8)
FN:248,(anonymous_9)
FN:258,(anonymous_10)
FN:262,(anonymous_11)
FN:282,(anonymous_12)
FN:300,(anonymous_13)
FN:347,(anonymous_14)
FN:379,(anonymous_15)
FN:390,(anonymous_16)
FNF:17
FNH:0
FNDA:0,(anonymous_0)
FNDA:0,(anonymous_1)
FNDA:0,(anonymous_2)
FNDA:0,(anonymous_3)
FNDA:0,(anonymous_4)
FNDA:0,(anonymous_5)
FNDA:0,(anonymous_6)
FNDA:0,(anonymous_7)
FNDA:0,(anonymous_8)
FNDA:0,(anonymous_9)
FNDA:0,(anonymous_10)
FNDA:0,(anonymous_11)
FNDA:0,(anonymous_12)
FNDA:0,(anonymous_13)
FNDA:0,(anonymous_14)
FNDA:0,(anonymous_15)
FNDA:0,(anonymous_16)
DA:9,0
DA:10,0
DA:11,0
DA:16,0
DA:18,0
DA:19,0
DA:22,0
DA:23,0
DA:26,0
DA:27,0
DA:28,0
DA:34,0
DA:35,0
DA:36,0
DA:38,0
DA:39,0
DA:44,0
DA:45,0
DA:48,0
DA:57,0
DA:58,0
DA:60,0
DA:61,0
DA:64,0
DA:75,0
DA:76,0
DA:79,0
DA:80,0
DA:81,0
DA:82,0
DA:83,0
DA:84,0
DA:85,0
DA:89,0
DA:91,0
DA:92,0
DA:93,0
DA:94,0
DA:95,0
DA:99,0
DA:105,0
DA:106,0
DA:109,0
DA:114,0
DA:115,0
DA:116,0
DA:118,0
DA:119,0
DA:120,0
DA:125,0
DA:130,0
DA:131,0
DA:132,0
DA:134,0
DA:138,0
DA:144,0
DA:145,0
DA:146,0
DA:149,0
DA:151,0
DA:152,0
DA:155,0
DA:156,0
DA:163,0
DA:170,0
DA:171,0
DA:173,0
DA:174,0
DA:176,0
DA:186,0
DA:187,0
DA:188,0
DA:190,0
DA:191,0
DA:193,0
DA:194,0
DA:199,0
DA:200,0
DA:201,0
DA:202,0
DA:208,0
DA:210,0
DA:212,0
DA:215,0
DA:216,0
DA:217,0
DA:218,0
DA:219,0
DA:220,0
DA:222,0
DA:225,0
DA:226,0
DA:229,0
DA:230,0
DA:233,0
DA:234,0
DA:238,0
DA:239,0
DA:241,0
DA:242,0
DA:245,0
DA:248,0
DA:258,0
DA:263,0
DA:265,0
DA:267,0
DA:269,0
DA:271,0
DA:273,0
DA:275,0
DA:277,0
DA:283,0
DA:301,0
DA:302,0
DA:303,0
DA:306,0
DA:307,0
DA:309,0
DA:310,0
DA:313,0
DA:315,0
DA:317,0
DA:318,0
DA:321,0
DA:323,0
DA:324,0
DA:327,0
DA:329,0
DA:332,0
DA:333,0
DA:334,0
DA:336,0
DA:339,0
DA:340,0
DA:343,0
DA:359,0
DA:361,0
DA:375,0
DA:380,0
DA:386,0
DA:391,0
DA:397,0
LF:142
LH:0
BRDA:16,0,0,0
BRDA:16,0,1,0
BRDA:34,1,0,0
BRDA:34,1,1,0
BRDA:66,2,0,0
BRDA:66,2,1,0
BRDA:79,3,0,0
BRDA:79,3,1,0
BRDA:79,4,0,0
BRDA:79,4,1,0
BRDA:81,5,0,0
BRDA:81,5,1,0
BRDA:167,6,0,0
BRDA:167,6,1,0
BRDA:187,7,0,0
BRDA:187,7,1,0
BRDA:190,8,0,0
BRDA:190,8,1,0
BRDA:199,9,0,0
BRDA:199,9,1,0
BRDA:212,10,0,0
BRDA:212,10,1,0
BRDA:212,10,2,0
BRDA:212,10,3,0
BRDA:215,11,0,0
BRDA:215,11,1,0
BRDA:217,12,0,0
BRDA:217,12,1,0
BRDA:219,13,0,0
BRDA:219,13,1,0
BRDA:238,14,0,0
BRDA:238,14,1,0
BRDA:241,15,0,0
BRDA:241,15,1,0
BRDA:254,16,0,0
BRDA:254,16,1,0
BRDA:254,17,0,0
BRDA:254,17,1,0
BRDA:263,18,0,0
BRDA:263,18,1,0
BRDA:263,18,2,0
BRDA:263,18,3,0
BRDA:263,18,4,0
BRDA:263,18,5,0
BRDA:263,18,6,0
BRDA:265,19,0,0
BRDA:265,19,1,0
BRDA:267,20,0,0
BRDA:267,20,1,0
BRDA:275,21,0,0
BRDA:275,21,1,0
BRDA:303,22,0,0
BRDA:303,22,1,0
BRDA:306,23,0,0
BRDA:306,23,1,0
BRDA:306,24,0,0
BRDA:306,24,1,0
BRDA:309,25,0,0
BRDA:309,25,1,0
BRDA:309,26,0,0
BRDA:309,26,1,0
BRDA:315,27,0,0
BRDA:315,27,1,0
BRDA:315,27,2,0
BRDA:315,27,3,0
BRDA:321,28,0,0
BRDA:321,28,1,0
BRDA:333,29,0,0
BRDA:333,29,1,0
BRDA:371,30,0,0
BRDA:371,30,1,0
BRF:71
BRH:0
end_of_record
TN:
SF:src/services/messaging/providers/meta.js
FN:5,(anonymous_0)
FN:11,(anonymous_1)
FN:32,(anonymous_2)
FN:82,(anonymous_3)
FN:91,(anonymous_4)
FN:105,(anonymous_5)
FN:142,(anonymous_6)
FN:176,(anonymous_7)
FN:181,(anonymous_8)
FN:186,(anonymous_9)
FN:205,(anonymous_10)
FN:228,(anonymous_11)
FN:244,(anonymous_12)
FN:254,(anonymous_13)
FN:279,(anonymous_14)
FN:300,(anonymous_15)
FN:360,(anonymous_16)
FN:387,(anonymous_17)
FN:396,(anonymous_18)
FNF:19
FNH:0
FNDA:0,(anonymous_0)
FNDA:0,(anonymous_1)
FNDA:0,(anonymous_2)
FNDA:0,(anonymous_3)
FNDA:0,(anonymous_4)
FNDA:0,(anonymous_5)
FNDA:0,(anonymous_6)
FNDA:0,(anonymous_7)
FNDA:0,(anonymous_8)
FNDA:0,(anonymous_9)
FNDA:0,(anonymous_10)
FNDA:0,(anonymous_11)
FNDA:0,(anonymous_12)
FNDA:0,(anonymous_13)
FNDA:0,(anonymous_14)
FNDA:0,(anonymous_15)
FNDA:0,(anonymous_16)
FNDA:0,(anonymous_17)
FNDA:0,(anonymous_18)
DA:6,0
DA:7,0
DA:8,0
DA:12,0
DA:14,0
DA:15,0
DA:19,0
DA:25,0
DA:26,0
DA:31,0
DA:32,0
DA:40,0
DA:41,0
DA:52,0
DA:53,0
DA:64,0
DA:65,0
DA:76,0
DA:77,0
DA:82,0
DA:91,0
DA:98,0
DA:99,0
DA:105,0
DA:111,0
DA:112,0
DA:124,0
DA:126,0
DA:127,0
DA:130,0
DA:137,0
DA:138,0
DA:143,0
DA:146,0
DA:154,0
DA:161,0
DA:167,0
DA:177,0
DA:182,0
DA:187,0
DA:188,0
DA:192,0
DA:193,0
DA:197,0
DA:199,0
DA:200,0
DA:206,0
DA:207,0
DA:209,0
DA:224,0
DA:229,0
DA:230,0
DA:232,0
DA:244,0
DA:250,0
DA:255,0
DA:256,0
DA:258,0
DA:275,0
DA:280,0
DA:281,0
DA:283,0
DA:297,0
DA:301,0
DA:302,0
DA:304,0
DA:305,0
DA:309,0
DA:311,0
DA:312,0
DA:313,0
DA:315,0
DA:316,0
DA:321,0
DA:322,0
DA:323,0
DA:326,0
DA:327,0
DA:328,0
DA:329,0
DA:331,0
DA:332,0
DA:339,0
DA:340,0
DA:344,0
DA:345,0
DA:346,0
DA:347,0
DA:350,0
DA:361,0
DA:362,0
DA:364,0
DA:365,0
DA:368,0
DA:369,0
DA:376,0
DA:377,0
DA:383,0
DA:388,0
DA:389,0
DA:390,0
DA:392,0
DA:397,0
DA:398,0
DA:403,0
LF:105
LH:0
BRDA:12,0,0,0
BRDA:15,1,0,0
BRDA:15,1,1,0
BRDA:25,2,0,0
BRDA:25,2,1,0
BRDA:25,3,0,0
BRDA:25,3,1,0
BRDA:31,4,0,0
BRDA:31,4,1,0
BRDA:34,5,0,0
BRDA:34,5,1,0
BRDA:35,6,0,0
BRDA:35,6,1,0
BRDA:40,7,0,0
BRDA:40,7,1,0
BRDA:52,8,0,0
BRDA:52,8,1,0
BRDA:64,9,0,0
BRDA:64,9,1,0
BRDA:64,10,0,0
BRDA:64,10,1,0
BRDA:76,11,0,0
BRDA:76,11,1,0
BRDA:76,12,0,0
BRDA:76,12,1,0
BRDA:86,13,0,0
BRDA:86,13,1,0
BRDA:98,14,0,0
BRDA:98,14,1,0
BRDA:126,15,0,0
BRDA:126,15,1,0
BRDA:127,16,0,0
BRDA:127,16,1,0
BRDA:143,17,0,0
BRDA:143,17,1,0
BRDA:143,17,2,0
BRDA:143,17,3,0
BRDA:143,17,4,0
BRDA:143,17,5,0
BRDA:143,17,6,0
BRDA:148,18,0,0
BRDA:148,18,1,0
BRDA:149,19,0,0
BRDA:149,19,1,0
BRDA:150,20,0,0
BRDA:150,20,1,0
BRDA:156,21,0,0
BRDA:156,21,1,0
BRDA:157,22,0,0
BRDA:157,22,1,0
BRDA:163,23,0,0
BRDA:163,23,1,0
BRDA:164,24,0,0
BRDA:164,24,1,0
BRDA:169,25,0,0
BRDA:169,25,1,0
BRDA:170,26,0,0
BRDA:170,26,1,0
BRDA:186,27,0,0
BRDA:188,28,0,0
BRDA:188,28,1,0
BRDA:205,29,0,0
BRDA:279,30,0,0
BRDA:302,31,0,0
BRDA:302,31,1,0
BRDA:304,32,0,0
BRDA:304,32,1,0
BRDA:309,33,0,0
BRDA:309,33,1,0
BRDA:321,34,0,0
BRDA:321,34,1,0
BRDA:322,35,0,0
BRDA:322,35,1,0
BRDA:326,36,0,0
BRDA:326,36,1,0
BRDA:331,37,0,0
BRDA:331,37,1,0
BRDA:339,38,0,0
BRDA:339,38,1,0
BRDA:344,39,0,0
BRDA:344,39,1,0
BRDA:364,40,0,0
BRDA:364,40,1,0
BRDA:364,41,0,0
BRDA:364,41,1,0
BRDA:368,42,0,0
BRDA:368,42,1,0
BRDA:376,43,0,0
BRDA:376,43,1,0
BRDA:389,44,0,0
BRDA:389,44,1,0
BRDA:389,45,0,0
BRDA:389,45,1,0
BRF:93
BRH:0
end_of_record
TN:
SF:src/services/messaging/providers/telegram.js
FN:5,(anonymous_0)
FN:11,(anonymous_1)
FN:95,(anonymous_2)
FN:99,(anonymous_3)
FN:103,(anonymous_4)
FN:105,(anonymous_5)
FN:113,(anonymous_6)
FN:115,(anonymous_7)
FN:124,(anonymous_8)
FN:145,(anonymous_9)
FN:157,(anonymous_10)
FN:179,(anonymous_11)
FN:193,(anonymous_12)
FN:208,(anonymous_13)
FN:219,(anonymous_14)
FN:239,(anonymous_15)
FN:248,(anonymous_16)
FN:253,(anonymous_17)
FN:335,(anonymous_18)
FNF:19
FNH:0
FNDA:0,(anonymous_0)
FNDA:0,(anonymous_1)
FNDA:0,(anonymous_2)
FNDA:0,(anonymous_3)
FNDA:0,(anonymous_4)
FNDA:0,(anonymous_5)
FNDA:0,(anonymous_6)
FNDA:0,(anonymous_7)
FNDA:0,(anonymous_8)
FNDA:0,(anonymous_9)
FNDA:0,(anonymous_10)
FNDA:0,(anonymous_11)
FNDA:0,(anonymous_12)
FNDA:0,(anonymous_13)
FNDA:0,(anonymous_14)
FNDA:0,(anonymous_15)
FNDA:0,(anonymous_16)
FNDA:0,(anonymous_17)
FNDA:0,(anonymous_18)
DA:6,0
DA:7,0
DA:8,0
DA:12,0
DA:14,0
DA:15,0
DA:20,0
DA:22,0
DA:23,0
DA:24,0
DA:26,0
DA:29,0
DA:30,0
DA:31,0
DA:32,0
DA:35,0
DA:36,0
DA:37,0
DA:38,0
DA:41,0
DA:42,0
DA:43,0
DA:44,0
DA:47,0
DA:48,0
DA:49,0
DA:50,0
DA:53,0
DA:54,0
DA:55,0
DA:56,0
DA:59,0
DA:60,0
DA:61,0
DA:62,0
DA:63,0
DA:66,0
DA:69,0
DA:70,0
DA:78,0
DA:80,0
DA:81,0
DA:84,0
DA:90,0
DA:91,0
DA:96,0
DA:99,0
DA:101,0
DA:102,0
DA:104,0
DA:105,0
DA:107,0
DA:112,0
DA:114,0
DA:115,0
DA:117,0
DA:125,0
DA:126,0
DA:129,0
DA:131,0
DA:132,0
DA:133,0
DA:134,0
DA:135,0
DA:136,0
DA:138,0
DA:141,0
DA:146,0
DA:158,0
DA:165,0
DA:166,0
DA:169,0
DA:175,0
DA:180,0
DA:189,0
DA:194,0
DA:204,0
DA:209,0
DA:215,0
DA:220,0
DA:225,0
DA:226,0
DA:229,0
DA:235,0
DA:240,0
DA:244,0
DA:249,0
DA:250,0
DA:255,0
DA:256,0
DA:257,0
DA:258,0
DA:260,0
DA:261,0
DA:267,0
DA:268,0
DA:269,0
DA:270,0
DA:271,0
DA:272,0
DA:273,0
DA:274,0
DA:275,0
DA:276,0
DA:277,0
DA:278,0
DA:279,0
DA:280,0
DA:281,0
DA:282,0
DA:283,0
DA:284,0
DA:285,0
DA:289,0
DA:290,0
DA:291,0
DA:298,0
DA:312,0
DA:313,0
DA:314,0
DA:315,0
DA:317,0
DA:331,0
DA:336,0
LF:124
LH:0
BRDA:20,0,0,0
BRDA:20,0,1,0
BRDA:20,0,2,0
BRDA:20,0,3,0
BRDA:20,0,4,0
BRDA:20,0,5,0
BRDA:20,0,6,0
BRDA:20,0,7,0
BRDA:23,1,0,0
BRDA:23,1,1,0
BRDA:31,2,0,0
BRDA:31,2,1,0
BRDA:37,3,0,0
BRDA:37,3,1,0
BRDA:66,4,0,0
BRDA:66,4,1,0
BRDA:80,5,0,0
BRDA:80,5,1,0
BRDA:81,6,0,0
BRDA:81,6,1,0
BRDA:96,7,0,0
BRDA:96,7,1,0
BRDA:96,8,0,0
BRDA:96,8,1,0
BRDA:99,9,0,0
BRDA:99,9,1,0
BRDA:101,10,0,0
BRDA:101,10,1,0
BRDA:104,11,0,0
BRDA:104,11,1,0
BRDA:114,12,0,0
BRDA:114,12,1,0
BRDA:115,13,0,0
BRDA:115,13,1,0
BRDA:117,14,0,0
BRDA:117,14,1,0
BRDA:125,15,0,0
BRDA:125,15,1,0
BRDA:131,16,0,0
BRDA:131,16,1,0
BRDA:133,17,0,0
BRDA:133,17,1,0
BRDA:134,18,0,0
BRDA:134,18,1,0
BRDA:135,19,0,0
BRDA:135,19,1,0
BRDA:138,20,0,0
BRDA:138,20,1,0
BRDA:165,21,0,0
BRDA:165,21,1,0
BRDA:193,22,0,0
BRDA:225,23,0,0
BRDA:225,23,1,0
BRDA:255,24,0,0
BRDA:255,24,1,0
BRDA:267,25,0,0
BRDA:267,25,1,0
BRDA:270,26,0,0
BRDA:270,26,1,0
BRDA:273,27,0,0
BRDA:273,27,1,0
BRDA:276,28,0,0
BRDA:276,28,1,0
BRDA:279,29,0,0
BRDA:279,29,1,0
BRDA:283,30,0,0
BRDA:283,30,1,0
BRDA:289,31,0,0
BRDA:289,31,1,0
BRDA:305,32,0,0
BRDA:305,32,1,0
BRDA:305,33,0,0
BRDA:305,33,1,0
BRDA:312,34,0,0
BRDA:312,34,1,0
BRDA:320,35,0,0
BRDA:320,35,1,0
BRDA:324,36,0,0
BRDA:324,36,1,0
BRDA:324,37,0,0
BRDA:324,37,1,0
BRF:81
BRH:0
end_of_record
TN:
SF:src/services/messaging/providers/termii.js
FN:5,(anonymous_0)
FN:11,(anonymous_1)
FN:26,(anonymous_2)
FN:69,(anonymous_3)
FN:113,(anonymous_4)
FN:142,(anonymous_5)
FN:161,(anonymous_6)
FN:190,(anonymous_7)
FN:201,(anonymous_8)
FNF:9
FNH:0
FNDA:0,(anonymous_0)
FNDA:0,(anonymous_1)
FNDA:0,(anonymous_2)
FNDA:0,(anonymous_3)
FNDA:0,(anonymous_4)
FNDA:0,(anonymous_5)
FNDA:0,(anonymous_6)
FNDA:0,(anonymous_7)
FNDA:0,(anonymous_8)
DA:6,0
DA:7,0
DA:8,0
DA:13,0
DA:14,0
DA:15,0
DA:17,0
DA:18,0
DA:20,0
DA:21,0
DA:23,0
DA:27,0
DA:29,0
DA:38,0
DA:39,0
DA:47,0
DA:49,0
DA:50,0
DA:53,0
DA:63,0
DA:64,0
DA:70,0
DA:72,0
DA:86,0
DA:87,0
DA:95,0
DA:97,0
DA:98,0
DA:101,0
DA:107,0
DA:108,0
DA:114,0
DA:120,0
DA:121,0
DA:129,0
DA:131,0
DA:136,0
DA:137,0
DA:143,0
DA:144,0
DA:148,0
DA:150,0
DA:155,0
DA:156,0
DA:162,0
DA:167,0
DA:168,0
DA:176,0
DA:178,0
DA:185,0
DA:186,0
DA:193,0
DA:202,0
DA:209,0
LF:54
LH:0
BRDA:14,0,0,0
BRDA:14,0,1,0
BRDA:17,1,0,0
BRDA:17,1,1,0
BRDA:20,2,0,0
BRDA:20,2,1,0
BRDA:49,3,0,0
BRDA:49,3,1,0
BRDA:50,4,0,0
BRDA:50,4,1,0
BRDA:57,5,0,0
BRDA:57,5,1,0
BRDA:70,6,0,0
BRDA:70,7,0,0
BRDA:70,8,0,0
BRDA:97,9,0,0
BRDA:97,9,1,0
BRDA:98,10,0,0
BRDA:98,10,1,0
BRDA:132,11,0,0
BRDA:132,11,1,0
BRDA:151,12,0,0
BRDA:151,12,1,0
BRDA:152,13,0,0
BRDA:152,13,1,0
BRDA:211,14,0,0
BRDA:211,14,1,0
BRF:27
BRH:0
end_of_record
TN:
SF:src/services/messaging/providers/twilio.js
FN:5,(anonymous_0)
FN:12,(anonymous_1)
FN:17,(anonymous_2)
FN:33,(anonymous_3)
FN:100,(anonymous_4)
FN:113,(anonymous_5)
FN:136,(anonymous_6)
FN:146,(anonymous_7)
FNF:8
FNH:0
FNDA:0,(anonymous_0)
FNDA:0,(anonymous_1)
FNDA:0,(anonymous_2)
FNDA:0,(anonymous_3)
FNDA:0,(anonymous_4)
FNDA:0,(anonymous_5)
FNDA:0,(anonymous_6)
FNDA:0,(anonymous_7)
DA:6,0
DA:7,0
DA:8,0
DA:9,0
DA:13,0
DA:14,0
DA:19,0
DA:20,0
DA:22,0
DA:23,0
DA:24,0
DA:25,0
DA:27,0
DA:30,0
DA:34,0
DA:36,0
DA:37,0
DA:39,0
DA:40,0
DA:42,0
DA:43,0
DA:44,0
DA:49,0
DA:50,0
DA:51,0
DA:52,0
DA:55,0
DA:59,0
DA:60,0
DA:64,0
DA:66,0
DA:67,0
DA:79,0
DA:81,0
DA:82,0
DA:85,0
DA:95,0
DA:96,0
DA:101,0
DA:110,0
DA:115,0
DA:116,0
DA:118,0
DA:119,0
DA:121,0
DA:122,0
DA:123,0
DA:126,0
DA:137,0
DA:149,0
LF:50
LH:0
BRDA:20,0,0,0
BRDA:20,0,1,0
BRDA:22,1,0,0
BRDA:22,1,1,0
BRDA:24,2,0,0
BRDA:24,2,1,0
BRDA:30,3,0,0
BRDA:30,3,1,0
BRDA:39,4,0,0
BRDA:39,4,1,0
BRDA:43,5,0,0
BRDA:43,5,1,0
BRDA:49,6,0,0
BRDA:49,6,1,0
BRDA:49,7,0,0
BRDA:49,7,1,0
BRDA:51,8,0,0
BRDA:51,8,1,0
BRDA:59,9,0,0
BRDA:59,9,1,0
BRDA:81,10,0,0
BRDA:81,10,1,0
BRDA:82,11,0,0
BRDA:82,11,1,0
BRDA:89,12,0,0
BRDA:89,12,1,0
BRDA:90,13,0,0
BRDA:90,13,1,0
BRDA:91,14,0,0
BRDA:91,14,1,0
BRDA:110,15,0,0
BRDA:110,15,1,0
BRDA:115,16,0,0
BRDA:115,16,1,0
BRDA:121,17,0,0
BRDA:121,17,1,0
BRDA:121,18,0,0
BRDA:121,18,1,0
BRDA:127,19,0,0
BRDA:127,19,1,0
BRDA:138,20,0,0
BRDA:138,20,1,0
BRDA:139,21,0,0
BRDA:139,21,1,0
BRF:44
BRH:0
end_of_record
TN:
SF:src/services/messaging/providers/whatsapp.js
FN:5,(anonymous_0)
FN:11,(anonymous_1)
FN:20,(anonymous_2)
FN:51,(anonymous_3)
FN:60,(anonymous_4)
FN:66,(anonymous_5)
FN:167,(anonymous_6)
FN:175,(anonymous_7)
FN:206,(anonymous_8)
FN:230,(anonymous_9)
FN:247,(anonymous_10)
FN:270,(anonymous_11)
FN:342,(anonymous_12)
FN:369,(anonymous_13)
FNF:14
FNH:0
FNDA:0,(anonymous_0)
FNDA:0,(anonymous_1)
FNDA:0,(anonymous_2)
FNDA:0,(anonymous_3)
FNDA:0,(anonymous_4)
FNDA:0,(anonymous_5)
FNDA:0,(anonymous_6)
FNDA:0,(anonymous_7)
FNDA:0,(anonymous_8)
FNDA:0,(anonymous_9)
FNDA:0,(anonymous_10)
FNDA:0,(anonymous_11)
FNDA:0,(anonymous_12)
FNDA:0,(anonymous_13)
DA:6,0
DA:7,0
DA:8,0
DA:13,0
DA:14,0
DA:15,0
DA:17,0
DA:21,0
DA:23,0
DA:24,0
DA:26,0
DA:33,0
DA:34,0
DA:35,0
DA:43,0
DA:44,0
DA:47,0
DA:48,0
DA:51,0
DA:57,0
DA:58,0
DA:60,0
DA:65,0
DA:66,0
DA:67,0
DA:76,0
DA:77,0
DA:82,0
DA:83,0
DA:84,0
DA:90,0
DA:91,0
DA:92,0
DA:98,0
DA:99,0
DA:100,0
DA:107,0
DA:108,0
DA:109,0
DA:115,0
DA:116,0
DA:117,0
DA:122,0
DA:123,0
DA:124,0
DA:132,0
DA:133,0
DA:134,0
DA:137,0
DA:138,0
DA:150,0
DA:152,0
DA:153,0
DA:156,0
DA:162,0
DA:163,0
DA:168,0
DA:169,0
DA:171,0
DA:176,0
DA:177,0
DA:179,0
DA:190,0
DA:202,0
DA:207,0
DA:208,0
DA:210,0
DA:226,0
DA:231,0
DA:233,0
DA:242,0
DA:243,0
DA:248,0
DA:249,0
DA:251,0
DA:252,0
DA:253,0
DA:254,0
DA:256,0
DA:267,0
DA:272,0
DA:273,0
DA:274,0
DA:275,0
DA:277,0
DA:278,0
DA:281,0
DA:283,0
DA:290,0
DA:292,0
DA:293,0
DA:295,0
DA:296,0
DA:297,0
DA:299,0
DA:300,0
DA:301,0
DA:303,0
DA:304,0
DA:306,0
DA:307,0
DA:308,0
DA:309,0
DA:311,0
DA:317,0
DA:319,0
DA:320,0
DA:321,0
DA:323,0
DA:324,0
DA:325,0
DA:326,0
DA:327,0
DA:328,0
DA:330,0
DA:333,0
DA:343,0
DA:344,0
DA:345,0
DA:346,0
DA:348,0
DA:349,0
DA:352,0
DA:359,0
DA:370,0
DA:371,0
DA:373,0
LF:127
LH:0
BRDA:14,0,0,0
BRDA:14,0,1,0
BRDA:33,1,0,0
BRDA:33,1,1,0
BRDA:36,2,0,0
BRDA:36,2,1,0
BRDA:38,3,0,0
BRDA:38,3,1,0
BRDA:43,4,0,0
BRDA:43,4,1,0
BRDA:47,5,0,0
BRDA:47,5,1,0
BRDA:50,6,0,0
BRDA:50,6,1,0
BRDA:57,7,0,0
BRDA:57,7,1,0
BRDA:65,8,0,0
BRDA:65,8,1,0
BRDA:69,9,0,0
BRDA:69,9,1,0
BRDA:76,10,0,0
BRDA:76,10,1,0
BRDA:82,11,0,0
BRDA:82,11,1,0
BRDA:82,12,0,0
BRDA:82,12,1,0
BRDA:90,13,0,0
BRDA:90,13,1,0
BRDA:98,14,0,0
BRDA:98,14,1,0
BRDA:107,15,0,0
BRDA:107,15,1,0
BRDA:115,16,0,0
BRDA:115,16,1,0
BRDA:122,17,0,0
BRDA:122,17,1,0
BRDA:132,18,0,0
BRDA:132,18,1,0
BRDA:152,19,0,0
BRDA:152,19,1,0
BRDA:153,20,0,0
BRDA:153,20,1,0
BRDA:168,21,0,0
BRDA:168,21,1,0
BRDA:168,22,0,0
BRDA:168,22,1,0
BRDA:277,23,0,0
BRDA:277,23,1,0
BRDA:290,24,0,0
BRDA:290,24,1,0
BRDA:290,24,2,0
BRDA:290,24,3,0
BRDA:290,24,4,0
BRDA:290,24,5,0
BRDA:290,24,6,0
BRDA:290,24,7,0
BRDA:323,25,0,0
BRDA:323,25,1,0
BRDA:326,26,0,0
BRDA:326,26,1,0
BRDA:348,27,0,0
BRDA:348,27,1,0
BRDA:361,28,0,0
BRDA:361,28,1,0
BRDA:370,29,0,0
BRDA:370,29,1,0
BRDA:370,30,0,0
BRDA:370,30,1,0
BRF:68
BRH:0
end_of_record
